[
    {
        "id": "2023/11/15_373220_d463",
        "document": "LG Energy Solution-Changes to Major Assumptions, Forecast  Changes to 2024 assumptions: Battery sales outlook, major demand driver, quarterly earnings   2024E OP at KRW4.5tn (+81% YoY)",
        "label": "BUY"
    },
    {
        "id": "2023/11/15_373220_eed7",
        "document": "LG에너지솔루션-2024년 2차전지 주요 가정 변화 및 전망  투자의견 Buy, 목표주가 56.4만원 (하향)  2024년 2차전지 주요 가정 변화 및 전망 ① 전지 판매 전망, ② 주요 수요 변수, ③ 분기 실적 방향성  2024년 OP 4.5조원 (+81% YoY) 추정",
        "label": "BUY"
    },
    {
        "id": "2023/11/15_403550_a24a",
        "document": "쏘카-2024년 외형 성장과 수익성 개선 기대  3Q23 실적 Review: 중고차 매각사업 축소로 영업손실 36억 원",
        "label": "BUY"
    },
    {
        "id": "2023/11/15_403550_2d78",
        "document": "SOCAR-Revenue and profitability to improve in 2024  3Q23 review: Operating loss of W3.6bn amid lower profits on used car sales  Retain Buy rating and TP of W21,000",
        "label": "BUY"
    },
    {
        "id": "2023/11/15_403550_4cd0",
        "document": "쏘카-2025년의 미래 비전을 제시  3Q23 Review: 중고차 매각 축소로 영업이익 적자전환  컨퍼런스 콜의 주요 내용: 2025년 영업이익률 17% 목표  지분경쟁 가능성보다는 플랫폼으로서의 가치상승을 체크하면서 접근할 필요",
        "label": "NOT RATED"
    },
    {
        "id": "2023/11/15_403870_f9f2",
        "document": "HPSP-요즘 보기 드문 실적  3분기 실적은 컨센서스를 상회   24년 달릴 준비 완료",
        "label": "BUY"
    },
    {
        "id": "2023/11/15_403870_dddc",
        "document": "HPSP-대장의 품격  3분기 실적은 기대치에 부합하였고, 앞으로 펼쳐질 반도체 사이클의 주안점은 기술.  기술 고도화 속 적정 수율 확보가 어려워지고 있으며, 고압 기술은 수율 개선 및 성능 향상 등을 위한 다양한 솔루션을 제시해줄 것으로 기대.  성장 그림은 구체화되고 있고, 이를 감안하여 목표주가를 45,000원으로 상향",
        "label": "BUY"
    },
    {
        "id": "2023/11/15_403870_3dc1",
        "document": "HPSP-Stands out from the pack  HPSP reported 3Q earnings that met expectations. In an upcoming semiconductor industry uptrend, we believe technology will become a keyword.  With technological advancements accelerating, it is getting more difficult to obtain proper yield. Against this backdrop, high-pressure technology should offer a variety of solutions to improve yield and performance.  The firm’s growth potential is becoming more visible, and reflecting this, we raise our target price for the firm to KRW45,000.",
        "label": "BUY"
    },
    {
        "id": "2023/11/15_418470_7eb0",
        "document": "밀리의서재-B2C, B2B, B2BC 모두 순항 중  전자책 멀티미디어 콘텐츠를 제공하는 구독형 독서 플랫폼  3Q23 Review: 영업수익 +18%, 영업이익 +32% YoY",
        "label": "BUY"
    },
    {
        "id": "2023/11/15_453340_8843",
        "document": "현대그린푸드-비용 부담에도 호실적  3분기 기대치 부합  FS 사업 성장세는 지속될 전망  투자의견 매수, 목표주가 25,000원 유지",
        "label": "BUY"
    },
    {
        "id": "2023/11/15_139480_6242",
        "document": "이마트-유통의 본질을 다시 한 번 생각할 때  3Q23 영업이익 779억원(-22.7% YoY), 컨센서스 21% 하회   뭉쳐야 산다, 유통 공룡의 통합 운영 시작   주가는 이미 최악을 반영, 본업 경쟁력 강화 방안이 중요",
        "label": "BUY"
    },
    {
        "id": "2023/11/15_139480_a6f9",
        "document": "이마트-별도 실적은 좋았다  PBR 0.2배 미만의 밸류에이션  3분기, 별도 실적은 선방",
        "label": "BUY"
    },
    {
        "id": "2023/11/15_139480_5aa5",
        "document": "이마트-3Q23 리뷰 : 통합 매입 작업 진행 중. 기대감을 가질 시기  3Q23 Review  24년 화두는 통합",
        "label": "BUY"
    },
    {
        "id": "2023/11/15_139480_da90",
        "document": "이마트-건설 부문 제외 시 9개 분기 만에 영업이익 성장  3Q23 실적 review-건설 계열사 제외한 실적은 만족  최악의 구간 통과 중  2023-2024E 이익전망 하향 조정",
        "label": "BUY"
    },
    {
        "id": "2023/11/15_139480_5da5",
        "document": "emart-First y-y operating-profit growth in 3Q in 9 quarters  3Q review-delivers satisfactory earnings excluding construction unit  In the middle of passing the worst  Cutting our 2023-2024 earnings forecasts",
        "label": "BUY"
    },
    {
        "id": "2023/11/15_139480_1f21",
        "document": "이마트-주력 사업부 집중과 효율화  3분기 당사 추정치도 소폭 하회  구조적 개선 방안이 중요  투자의견 Trading Buy와 목표주가 8만원 유지",
        "label": "HOLD"
    },
    {
        "id": "2023/11/15_139480_16d1",
        "document": "이마트-자회사 실적 부진으로 기업 가치 훼손  할인점 고정비 부담 완화로 이익 개선  온라인 사업 적자 전분기 대비 확대, 건설 자회사 이익 급감  자회사 실적 부진으로 기업 가치 훼손",
        "label": "BUY"
    },
    {
        "id": "2023/11/15_315640_3851",
        "document": "딥노이드-올해 누적 수주 100억원, 4분기 매출 성장 본격화 기대  3Q23 Review: 3분기 영업손실 축소  산업용 AI 솔루션 누적 수주 100억원 초과 달성  의료 AI 솔루션 딥뉴로 건강보험 등재 전망",
        "label": "NOT RATED"
    },
    {
        "id": "2023/11/15_375500_a2f1",
        "document": "DL이앤씨-가시성 있는 실적 개선  2024 년 플랜트 부문 매출 성장  2024 년 영업이익 4,358 억원(+34.2% YoY) 예상  투자의견 Buy, 목표주가 48,000 원 유지",
        "label": "BUY"
    },
    {
        "id": "2023/11/15_373220_03c1",
        "document": "LG Energy Solution-Changes to Major Assumptions, Forecast  Changes to 2024 assumptions: Battery sales outlook, major demand driver, quarterly earnings   2024E OP at KRW4.5tn (+81% YoY)",
        "label": "BUY"
    },
    {
        "id": "2023/11/15_373220_43ce",
        "document": "LG에너지솔루션-2024년 2차전지 주요 가정 변화 및 전망  투자의견 Buy, 목표주가 56.4만원 (하향)  2024년 2차전지 주요 가정 변화 및 전망 ① 전지 판매 전망, ② 주요 수요 변수, ③ 분기 실적 방향성  2024년 OP 4.5조원 (+81% YoY) 추정",
        "label": "BUY"
    },
    {
        "id": "2023/11/15_403550_d046",
        "document": "쏘카-2024년 외형 성장과 수익성 개선 기대  3Q23 실적 Review: 중고차 매각사업 축소로 영업손실 36억 원",
        "label": "BUY"
    },
    {
        "id": "2023/11/15_403550_1379",
        "document": "SOCAR-Revenue and profitability to improve in 2024  3Q23 review: Operating loss of W3.6bn amid lower profits on used car sales  Retain Buy rating and TP of W21,000",
        "label": "BUY"
    },
    {
        "id": "2023/11/15_403550_03e8",
        "document": "쏘카-2025년의 미래 비전을 제시  3Q23 Review: 중고차 매각 축소로 영업이익 적자전환  컨퍼런스 콜의 주요 내용: 2025년 영업이익률 17% 목표  지분경쟁 가능성보다는 플랫폼으로서의 가치상승을 체크하면서 접근할 필요",
        "label": "NOT RATED"
    },
    {
        "id": "2023/11/15_403870_8f85",
        "document": "HPSP-요즘 보기 드문 실적  3분기 실적은 컨센서스를 상회   24년 달릴 준비 완료",
        "label": "BUY"
    },
    {
        "id": "2023/11/15_403870_dae5",
        "document": "HPSP-대장의 품격  3분기 실적은 기대치에 부합하였고, 앞으로 펼쳐질 반도체 사이클의 주안점은 기술.  기술 고도화 속 적정 수율 확보가 어려워지고 있으며, 고압 기술은 수율 개선 및 성능 향상 등을 위한 다양한 솔루션을 제시해줄 것으로 기대.  성장 그림은 구체화되고 있고, 이를 감안하여 목표주가를 45,000원으로 상향",
        "label": "BUY"
    },
    {
        "id": "2023/11/15_403870_fde5",
        "document": "HPSP-Stands out from the pack  HPSP reported 3Q earnings that met expectations. In an upcoming semiconductor industry uptrend, we believe technology will become a keyword.  With technological advancements accelerating, it is getting more difficult to obtain proper yield. Against this backdrop, high-pressure technology should offer a variety of solutions to improve yield and performance.  The firm’s growth potential is becoming more visible, and reflecting this, we raise our target price for the firm to KRW45,000.",
        "label": "BUY"
    },
    {
        "id": "2023/11/15_418470_cc23",
        "document": "밀리의서재-B2C, B2B, B2BC 모두 순항 중  전자책 멀티미디어 콘텐츠를 제공하는 구독형 독서 플랫폼  3Q23 Review: 영업수익 +18%, 영업이익 +32% YoY",
        "label": "BUY"
    },
    {
        "id": "2023/11/15_453340_e51b",
        "document": "현대그린푸드-비용 부담에도 호실적  3분기 기대치 부합  FS 사업 성장세는 지속될 전망  투자의견 매수, 목표주가 25,000원 유지",
        "label": "BUY"
    },
    {
        "id": "2023/11/15_139480_db1f",
        "document": "이마트-유통의 본질을 다시 한 번 생각할 때  3Q23 영업이익 779억원(-22.7% YoY), 컨센서스 21% 하회   뭉쳐야 산다, 유통 공룡의 통합 운영 시작   주가는 이미 최악을 반영, 본업 경쟁력 강화 방안이 중요",
        "label": "BUY"
    }
]