[
    {
        "id": "2023/11/15_293490_016d",
        "document": "카카오게임즈-PC 신작을 기다리며  24년 영업이익 1,540억원으로 예상  본격적인 성장은 PC 신작이 반응하면",
        "label": "BUY"
    },
    {
        "id": "2023/11/15_290650_5150",
        "document": "엘앤씨바이오-3Q23 Re: 메가카티 매출액 35억원  3Q23 Re: 또 한번 분기 최고 매출액 경신  중국 진출 계획도 이상 무  2023년 매출액 716억원, 영업이익 116억원 전망",
        "label": "NOT RATED"
    },
    {
        "id": "2023/11/15_290650_3327",
        "document": "엘앤씨바이오-메가카티 효과 확인한 3Q  역대 최대 실적 달성한 3Q  확인해야 할 두 가지 이슈",
        "label": "NOT RATED"
    },
    {
        "id": "2023/11/15_306200_1c0d",
        "document": "세아제강-여러 악재에도 선방한 실적  3Q23 Review: 매출액 4,234억원, 영업이익 409억원(OPM 10%) 기록  4분기, 판가 인상이 중요해지는 시점",
        "label": "BUY"
    },
    {
        "id": "2023/11/15_306200_ab65",
        "document": "세아제강-3분기 악화된 수익성, 4분기 재차 개선될 전망  3Q23 예상했던 수준의 영업실적 달성  4분기는 내수 마진율 소폭 회복과 판매량 증가 기대",
        "label": "BUY"
    },
    {
        "id": "2023/11/15_297090_bb79",
        "document": "씨에스베어링-고객사 다변화가 시급  3Q23 Review: 판매 지연으로 인한 실적 쇼크  4Q23 Preview: 점진적 회복 전망",
        "label": "BUY"
    },
    {
        "id": "2023/11/15_297090_4776",
        "document": "CS BEARING-Customer diversification needed  3Q23 review: Earnings miss due to wind power project delays  4Q23 preview: Earnings to recover gradually",
        "label": "BUY"
    },
    {
        "id": "2023/11/15_297090_6b12",
        "document": "씨에스베어링-기대는 다시 내년으로  3Q23 영업이익은 -13억원으로 컨센서스(19억원) 하회  메인 고객사인 GE가 3,4분기에 진행 예정이었던 프로젝트를 내년으로 연기한 것이 컨센서스 하회 요인으로 작용  GE향 매출 연기 및 최근 글로벌 풍력 프로젝트 지연에 따른 실적 추정치 하향 반영 하여 목표주가 33% 하향 조정",
        "label": "BUY"
    },
    {
        "id": "2023/11/15_297090_71fd",
        "document": "CS BEARING-Earnings expansion delayed until next year  3Q review  Cutting target price by 33%, and maintaining BUY",
        "label": "BUY"
    },
    {
        "id": "2023/11/15_307950_b13c",
        "document": "현대오토에버-그룹 디지털 전환 및 SDV 본격화에 따른 수혜 지속  그룹 디지털 전환 및 차량SW 탑재 본격화에 따른 고성장 시현  SDV 전환 위한 IT인프라 투자 및 차량SW 수요 증가의 수혜  투자의견 Buy, 목표주가 200,000원 유지",
        "label": "BUY"
    },
    {
        "id": "2023/11/15_336570_dcbe",
        "document": "원텍-실적도 주가도 다시 올리지오  3Q23 Review: 올리지오 수출 및 소모품 판매 감소로 컨센서스 하회   주가 모멘텀: 1) 올리지오X, 2) 소모품 회복, 3) 수출 경쟁력 증명   매출 규모와 이익률 대비 저평가 국면",
        "label": "BUY"
    },
    {
        "id": "2023/11/15_338220_41a5",
        "document": "뷰노-바람직한 실적과 더 커지는 미국의 꿈  딥카스 국내 종합병원 침투율 상회  미국은 CPT 코드가 핵심. 미국 딥카스, 딥브레인 밸류 확대 시점",
        "label": "BUY"
    },
    {
        "id": "2023/11/15_338220_3c31",
        "document": "뷰노-늘어난 매출액과 줄어든 적자폭, 가까워지는 흑자전환  3Q23 Review: 매출액 36억원, 영업이익 -21억원 시현  생각보다 빠른 딥카스 국내 침투율, 2024년에는 미국 시장 침투 기대  딥브레인 등 다른 솔루션의 해외 진출 및 인증절차 모멘텀 지속  2024년 흑자 턴어라운드 전망",
        "label": "NOT RATED"
    },
    {
        "id": "2023/11/15_352820_e82d",
        "document": "하이브-위버스 가치를 제외해도 저평가  위버스 신규서비스 연간 매출 최대 4,656억원 기여할 전망  BTS 공백기에도 2024년 성장세 지속될 것으로 전망  저연차 IP의 성장, 강력한 신인 모멘텀 및 공연 부문 중심의 성장 기대",
        "label": "BUY"
    },
    {
        "id": "2023/11/15_348210_1550",
        "document": "넥스틴-좋은 포지셔닝, 기회 요소는 충분하다  2023년 실적은 다소 부진할 것으로 예상되고, 단기 Trigger Point는 아직 나타나지 않는 모습  다만, KLA 대체 가능한 유일의 회사인 만큼 기회 요소는 많다고 생각  신규 장비 출시에 따른 제품 포트폴리오 다각화, 대형 거래선 확보 기대감, 중국향 매출의 반등 등이 우리가 보는 넥스틴 성장의 기회 요소",
        "label": "BUY"
    },
    {
        "id": "2023/11/15_348210_92e8",
        "document": "NEXTIN-Strong position to bring about ample opportunities  Investment strategy  Upcoming opportunities  When will China-bound sales rebound?",
        "label": "BUY"
    },
    {
        "id": "2023/11/15_257720_33ab",
        "document": "실리콘투-이 정도면, K뷰티 전도사  3분기 영업이익이 당사 추정치를 10.1% 상회   4분기도 좋을 수 밖에 없다   화장품 섹터에서 가장 안전한 투자처",
        "label": "BUY"
    },
    {
        "id": "2023/11/15_315640_2415",
        "document": "딥노이드-올해 누적 수주 100억원, 4분기 매출 성장 본격화 기대  3Q23 Review: 3분기 영업손실 축소  산업용 AI 솔루션 누적 수주 100억원 초과 달성  의료 AI 솔루션 딥뉴로 건강보험 등재 전망",
        "label": "NOT RATED"
    },
    {
        "id": "2023/11/15_375500_3425",
        "document": "DL이앤씨-가시성 있는 실적 개선  2024 년 플랜트 부문 매출 성장  2024 년 영업이익 4,358 억원(+34.2% YoY) 예상  투자의견 Buy, 목표주가 48,000 원 유지",
        "label": "BUY"
    },
    {
        "id": "2023/11/15_373220_b90d",
        "document": "LG Energy Solution-Changes to Major Assumptions, Forecast  Changes to 2024 assumptions: Battery sales outlook, major demand driver, quarterly earnings   2024E OP at KRW4.5tn (+81% YoY)",
        "label": "BUY"
    },
    {
        "id": "2023/11/15_373220_5284",
        "document": "LG에너지솔루션-2024년 2차전지 주요 가정 변화 및 전망  투자의견 Buy, 목표주가 56.4만원 (하향)  2024년 2차전지 주요 가정 변화 및 전망 ① 전지 판매 전망, ② 주요 수요 변수, ③ 분기 실적 방향성  2024년 OP 4.5조원 (+81% YoY) 추정",
        "label": "BUY"
    },
    {
        "id": "2023/11/15_403550_7304",
        "document": "쏘카-2024년 외형 성장과 수익성 개선 기대  3Q23 실적 Review: 중고차 매각사업 축소로 영업손실 36억 원",
        "label": "BUY"
    },
    {
        "id": "2023/11/15_403550_4162",
        "document": "SOCAR-Revenue and profitability to improve in 2024  3Q23 review: Operating loss of W3.6bn amid lower profits on used car sales  Retain Buy rating and TP of W21,000",
        "label": "BUY"
    },
    {
        "id": "2023/11/15_403550_af68",
        "document": "쏘카-2025년의 미래 비전을 제시  3Q23 Review: 중고차 매각 축소로 영업이익 적자전환  컨퍼런스 콜의 주요 내용: 2025년 영업이익률 17% 목표  지분경쟁 가능성보다는 플랫폼으로서의 가치상승을 체크하면서 접근할 필요",
        "label": "NOT RATED"
    },
    {
        "id": "2023/11/15_403870_9049",
        "document": "HPSP-요즘 보기 드문 실적  3분기 실적은 컨센서스를 상회   24년 달릴 준비 완료",
        "label": "BUY"
    },
    {
        "id": "2023/11/15_403870_a994",
        "document": "HPSP-대장의 품격  3분기 실적은 기대치에 부합하였고, 앞으로 펼쳐질 반도체 사이클의 주안점은 기술.  기술 고도화 속 적정 수율 확보가 어려워지고 있으며, 고압 기술은 수율 개선 및 성능 향상 등을 위한 다양한 솔루션을 제시해줄 것으로 기대.  성장 그림은 구체화되고 있고, 이를 감안하여 목표주가를 45,000원으로 상향",
        "label": "BUY"
    },
    {
        "id": "2023/11/15_403870_8265",
        "document": "HPSP-Stands out from the pack  HPSP reported 3Q earnings that met expectations. In an upcoming semiconductor industry uptrend, we believe technology will become a keyword.  With technological advancements accelerating, it is getting more difficult to obtain proper yield. Against this backdrop, high-pressure technology should offer a variety of solutions to improve yield and performance.  The firm’s growth potential is becoming more visible, and reflecting this, we raise our target price for the firm to KRW45,000.",
        "label": "BUY"
    },
    {
        "id": "2023/11/15_418470_5eba",
        "document": "밀리의서재-B2C, B2B, B2BC 모두 순항 중  전자책 멀티미디어 콘텐츠를 제공하는 구독형 독서 플랫폼  3Q23 Review: 영업수익 +18%, 영업이익 +32% YoY",
        "label": "BUY"
    },
    {
        "id": "2023/11/15_453340_5708",
        "document": "현대그린푸드-비용 부담에도 호실적  3분기 기대치 부합  FS 사업 성장세는 지속될 전망  투자의견 매수, 목표주가 25,000원 유지",
        "label": "BUY"
    },
    {
        "id": "2023/11/15_139480_e2b6",
        "document": "이마트-유통의 본질을 다시 한 번 생각할 때  3Q23 영업이익 779억원(-22.7% YoY), 컨센서스 21% 하회   뭉쳐야 산다, 유통 공룡의 통합 운영 시작   주가는 이미 최악을 반영, 본업 경쟁력 강화 방안이 중요",
        "label": "BUY"
    }
]