[
    {
        "id": "2023/11/15_166090_254a",
        "document": "하나머티리얼즈-길게 볼수록 좋다  3Q23 실적 예상치 하회  2024년 실적의 회복세는 높지 않을 것  투자의견 Buy, 목표주가 63,000원 유지",
        "label": "BUY"
    },
    {
        "id": "2023/11/15_181710_ad99",
        "document": "NHN-기대할 것이 많은 한 해  목표주가 29,000 원으로 커버리지 개시  24 년도 영업이익 1,160 억원 예상  한국 클라우드 시장 본격 개화",
        "label": "BUY"
    },
    {
        "id": "2023/11/15_183300_363c",
        "document": "코미코-디램 노출도 높은 편안한 선택지  목표주가 63,000원으로 커버리지 개시  높은 디램 노출도에 기인한 실적 개선 가시성 주목  자회사 미코세라믹스 편입 시너지 기대",
        "label": "BUY"
    },
    {
        "id": "2023/11/15_200880_8663",
        "document": "서연이화-3분기 수익성 다시 상승  3Q23 Review: 영업이익률 6.3% 기록  최근 2년 간 매출액이 65% 성장  P/E 2배 대에서 거래 중",
        "label": "NOT RATED"
    },
    {
        "id": "2023/11/15_204320_c4ca",
        "document": "HL만도-“지금 어느 동아줄을 붙잡고 있는가”라고 물을 때 돋보이는 부품사  북미 전기차 선도 업체에 대한 EPB (전자파킹브레이크), EPS (파워스티어링) 공급 중. IDB2 공급 예정  Rivian 등 북미 전기차 스타트업들에도 ADAS 시스템, 센서 등을 공급  중국 자동차 내수 시장의 회복으로부터 수혜 가능",
        "label": "BUY"
    },
    {
        "id": "2023/11/15_196170_3f79",
        "document": "알테오젠-바빠지고 있다  투자의견 BUY 및 목표주가 90,000원으로 상향: 마일스톤 유입으로 인한 이익 창출력을 선반영(도표 1 참고)  2024년 초부터 면역항암제 SC제형들 출시 예정: 티센트릭®SC(로슈), 옵디보® SC (BMS) 임상 3상 성공으로  2차 계약사와 SC제형 특허권 이전, 2차 CMO 선정 및 확정 등과 관련된 논의가 진행되고 있을 것으로 추정",
        "label": "BUY"
    },
    {
        "id": "2023/11/15_204270_e678",
        "document": "제이앤티씨-3Q23 Review: 중국 화웨이향 강화유리, 4분기에도 공급 확대 수혜 기대  3Q23 Review: 매출액은 전년동기 대비 168.5% 증가. 영업이익은 전분기에 이어 흑자전환 성공  4Q23 Preview: 14분기만에 분기 매출액이 1,000억원대를 돌파하는 것도 긍정적임",
        "label": "NOT RATED"
    },
    {
        "id": "2023/11/15_214450_d15e",
        "document": "파마리서치-우려를 이겨내는 실적  3Q23 review: 의료기기 내수 성장 및 화장품 수출 성장, 홈쇼핑 채널 축소를 통한 판관비 감소로 영업이익 컨센서스 상회.  투자의견 BUY, 목표주가 19만원 유지: 리쥬란 브랜드 확장 지속 중이며, 출시 초기국가 중심 매출 상승 기대. 콘쥬란 급여 기준 강화 이슈는 지속 확인 필요.",
        "label": "BUY"
    },
    {
        "id": "2023/11/15_214450_b73c",
        "document": "PharmaResearch-Steady sales growth of medical devices and cosmetics  3Q review  Maintaining BUY and KRW190,000 target",
        "label": "BUY"
    },
    {
        "id": "2023/11/15_214450_0042",
        "document": "파마리서치-또 역대급 실적, 성장판 많이 열려있다  3Q23 매출액 및 영업이익 당사 추정치/컨센서스 상회  동사의 성장 동력인 화장품과 의료기기 성장 지속 가능 판단  글로벌 국가 확대 및 화장품 신제품 출시 통해 매출 확대 기대",
        "label": "BUY"
    },
    {
        "id": "2023/11/15_214450_0ef6",
        "document": "파마리서치-3Q23 Review: 기대치를 상회하는 영업현황 확인  3Q23 Review: 매출액 688억원(+49% yoy), 영업이익 275억원(+66% yoy)  수출 국가 확대를 통한 성장에 관심이 높아지는 시점",
        "label": "BUY"
    },
    {
        "id": "2023/11/15_214450_834a",
        "document": "파마리서치-리쥬란브랜드 파워 실적으로 확인  3분기 어닝 서프라이즈 실현  리쥬란 스킨부스터, 리쥬란 화장품 브랜드 잠재력에 주목한다  4분기 영업실적 전망도 긍정적",
        "label": "BUY"
    },
    {
        "id": "2023/11/15_095570_95c8",
        "document": "AJ네트웍스-3Q23 Review: 매출 부진에도 불구하고,수익성 개선은 긍정적.  3Q23 Review: 매출액은 감소세를 보이나, 수익성은 개선되어 영업이익은 시장 기대치를 상회  4Q23 Preview: 전년 동기 수준의 매출액을 예상하지만, 수익성 개선은 지속될 것으로 전망",
        "label": "BUY"
    },
    {
        "id": "2023/11/15_228670_12ca",
        "document": "레이-예상되었던 부진, 4Q23 실적의 핵심은 미국 시장  매출 및 영업이익 모두 시장기대치 하회하는 실적 달성  현 주가는 12개월 선행 P/E 16배로 동사의 지난 1년 평균(33배) 및 글로벌 Peer(24배) 대비 저평가",
        "label": "BUY"
    },
    {
        "id": "2023/11/15_228670_7e7e",
        "document": "Ray-Sluggish 3Q23 results; US market to hold the key in 4Q23  Revenue and OP miss consensus  Undervalued at a 12-month forward P/E of 16x vs. one-year average of 33x and global peer average of 24x",
        "label": "BUY"
    },
    {
        "id": "2023/11/15_195940_2255",
        "document": "HK이노엔-2024년에도 지속되는 성장 스토리  투자의견 BUY 및 목표주가 50,000원으로 신규 제시  2024년 주가 Catalysts: 케이캡® 국내 및 글로벌 판매 수익 증가, 미국 임상 완료  Phathom Pharmaceuticals(NASDAQ: PHAT)의 보？자®(다케다 보노프라잔 미국 브랜드) FDA 승인(10월 30일)",
        "label": "BUY"
    },
    {
        "id": "2023/11/15_241590_130c",
        "document": "화승엔터프라이즈-3Q23 Review: 재고 부담  3Q23 가동률 저하   투자의견 Buy 및 적정주가 10,000원 제시",
        "label": "BUY"
    },
    {
        "id": "2023/11/15_241590_e40a",
        "document": "화승엔터프라이즈-2024년 스포츠 빅이벤트  앞두고 재고 조정 막바지  3분기에도 가동율 80% 초중반으로 부진  고객사 재고 조정은 기대 이상으로 빠르게 진행  10월 가동율 완만히 회복. 2024년 스포츠 빅이벤트 앞두고 수주 회복 예상",
        "label": "BUY"
    },
    {
        "id": "2023/11/15_239890_630b",
        "document": "피엔에이치테크-본격적인 OLED 확대 시작  3Q23 영업이익 21억원(+133% QoQ) 기록   4분기 영업이익 27억원(+33% QoQ) 전망   IT OLED 소재 구성 협의가 진행될 2023년 연말에 주목   IT OLED 확대에 따른 이중 수혜 + 차량용 OLED 확대",
        "label": "BUY"
    },
    {
        "id": "2023/11/15_178320_31c2",
        "document": "서진시스템-3Q23 Review: 4분기부터 전 사업, 본격적인 실적 성장 기대  3Q23 Review: 시장 기대치 하회했으나, 지난해 4분기부터 전기차 부품 사업 성장세 유지  4Q23 Preview: 베트남 박닌, 박장 공장은 물론 임대 공장까지 가동, 전 사업 부문 높은 실적 성장세 예상",
        "label": "BUY"
    },
    {
        "id": "2023/11/15_251270_ff7a",
        "document": "넷마블-오버행만으로 안보긴 아깝다  목표주가 65,000 원으로 커버리지 개시. 게임 Top Pick 으로 제시  <나 혼자만 레벨업>의 해외 인지도는 상상 이상  AI 수혜는 클 것",
        "label": "BUY"
    },
    {
        "id": "2023/11/15_259960_fc93",
        "document": "크래프톤-기다리던 신작이 온다  24년 영업이익 6,773억원으로 예상  신작 가뭄은 끝나고 24년을 기점으로 글로벌 대작 기대",
        "label": "BUY"
    },
    {
        "id": "2023/11/15_243840_18f0",
        "document": "신흥에스이씨-지나친 소외  3분기 실적, 당사 예상치에 부합  4분기 고객사 재고조정 영향이 있으나 24년 20%대 성장 유효",
        "label": "BUY"
    },
    {
        "id": "2023/11/15_243840_96e1",
        "document": "SHINHEUNG SEC-Shares have been sidelined for too long  3Q results in line  4Q results to take a hit from clients’ inventory adjustment; sales to grow more than 20% y-y in 2024",
        "label": "BUY"
    },
    {
        "id": "2023/11/15_263720_0083",
        "document": "디앤씨미디어-글로벌IP가 있다는 것  24년 영업이익 144억원으로 예상  본업도 이상무",
        "label": "BUY"
    },
    {
        "id": "2023/11/15_281820_02f3",
        "document": "케이씨텍-HBM까지 아우른다  CMP 공정 장비·소재사  HBM까지 아우른다  투자의견 Buy, 목표주가 27,000원으로 커버리지 개시",
        "label": "BUY"
    },
    {
        "id": "2023/11/15_294870_75c1",
        "document": "HDC현대산업개발-바닥 짚고 일어나는 중  2024년 광운대 역세권으로 자체사업 재시동  전화위복  커버리지 재개, 투자의견 매수, 목표주가 18,000원",
        "label": "BUY"
    },
    {
        "id": "2023/11/15_293490_5d07",
        "document": "카카오게임즈-PC 신작을 기다리며  24년 영업이익 1,540억원으로 예상  본격적인 성장은 PC 신작이 반응하면",
        "label": "BUY"
    },
    {
        "id": "2023/11/15_290650_2f08",
        "document": "엘앤씨바이오-3Q23 Re: 메가카티 매출액 35억원  3Q23 Re: 또 한번 분기 최고 매출액 경신  중국 진출 계획도 이상 무  2023년 매출액 716억원, 영업이익 116억원 전망",
        "label": "NOT RATED"
    },
    {
        "id": "2023/11/15_290650_522b",
        "document": "엘앤씨바이오-메가카티 효과 확인한 3Q  역대 최대 실적 달성한 3Q  확인해야 할 두 가지 이슈",
        "label": "NOT RATED"
    }
]