[
    {
        "id": "2023/11/15_251270_d81f",
        "document": "넷마블-오버행만으로 안보긴 아깝다  목표주가 65,000 원으로 커버리지 개시. 게임 Top Pick 으로 제시  <나 혼자만 레벨업>의 해외 인지도는 상상 이상  AI 수혜는 클 것",
        "label": "BUY"
    },
    {
        "id": "2023/11/15_259960_60b5",
        "document": "크래프톤-기다리던 신작이 온다  24년 영업이익 6,773억원으로 예상  신작 가뭄은 끝나고 24년을 기점으로 글로벌 대작 기대",
        "label": "BUY"
    },
    {
        "id": "2023/11/15_243840_8427",
        "document": "신흥에스이씨-지나친 소외  3분기 실적, 당사 예상치에 부합  4분기 고객사 재고조정 영향이 있으나 24년 20%대 성장 유효",
        "label": "BUY"
    },
    {
        "id": "2023/11/15_243840_91b6",
        "document": "SHINHEUNG SEC-Shares have been sidelined for too long  3Q results in line  4Q results to take a hit from clients’ inventory adjustment; sales to grow more than 20% y-y in 2024",
        "label": "BUY"
    },
    {
        "id": "2023/11/15_263720_a601",
        "document": "디앤씨미디어-글로벌IP가 있다는 것  24년 영업이익 144억원으로 예상  본업도 이상무",
        "label": "BUY"
    },
    {
        "id": "2023/11/15_281820_589a",
        "document": "케이씨텍-HBM까지 아우른다  CMP 공정 장비·소재사  HBM까지 아우른다  투자의견 Buy, 목표주가 27,000원으로 커버리지 개시",
        "label": "BUY"
    },
    {
        "id": "2023/11/15_294870_f6d9",
        "document": "HDC현대산업개발-바닥 짚고 일어나는 중  2024년 광운대 역세권으로 자체사업 재시동  전화위복  커버리지 재개, 투자의견 매수, 목표주가 18,000원",
        "label": "BUY"
    },
    {
        "id": "2023/11/15_293490_4b88",
        "document": "카카오게임즈-PC 신작을 기다리며  24년 영업이익 1,540억원으로 예상  본격적인 성장은 PC 신작이 반응하면",
        "label": "BUY"
    },
    {
        "id": "2023/11/15_290650_ba65",
        "document": "엘앤씨바이오-3Q23 Re: 메가카티 매출액 35억원  3Q23 Re: 또 한번 분기 최고 매출액 경신  중국 진출 계획도 이상 무  2023년 매출액 716억원, 영업이익 116억원 전망",
        "label": "NOT RATED"
    },
    {
        "id": "2023/11/15_290650_1cd5",
        "document": "엘앤씨바이오-메가카티 효과 확인한 3Q  역대 최대 실적 달성한 3Q  확인해야 할 두 가지 이슈",
        "label": "NOT RATED"
    },
    {
        "id": "2023/11/15_306200_c7a9",
        "document": "세아제강-여러 악재에도 선방한 실적  3Q23 Review: 매출액 4,234억원, 영업이익 409억원(OPM 10%) 기록  4분기, 판가 인상이 중요해지는 시점",
        "label": "BUY"
    },
    {
        "id": "2023/11/15_306200_637d",
        "document": "세아제강-3분기 악화된 수익성, 4분기 재차 개선될 전망  3Q23 예상했던 수준의 영업실적 달성  4분기는 내수 마진율 소폭 회복과 판매량 증가 기대",
        "label": "BUY"
    },
    {
        "id": "2023/11/15_297090_01ea",
        "document": "씨에스베어링-고객사 다변화가 시급  3Q23 Review: 판매 지연으로 인한 실적 쇼크  4Q23 Preview: 점진적 회복 전망",
        "label": "BUY"
    },
    {
        "id": "2023/11/15_297090_d941",
        "document": "CS BEARING-Customer diversification needed  3Q23 review: Earnings miss due to wind power project delays  4Q23 preview: Earnings to recover gradually",
        "label": "BUY"
    },
    {
        "id": "2023/11/15_297090_cc4b",
        "document": "씨에스베어링-기대는 다시 내년으로  3Q23 영업이익은 -13억원으로 컨센서스(19억원) 하회  메인 고객사인 GE가 3,4분기에 진행 예정이었던 프로젝트를 내년으로 연기한 것이 컨센서스 하회 요인으로 작용  GE향 매출 연기 및 최근 글로벌 풍력 프로젝트 지연에 따른 실적 추정치 하향 반영 하여 목표주가 33% 하향 조정",
        "label": "BUY"
    },
    {
        "id": "2023/11/15_297090_eb05",
        "document": "CS BEARING-Earnings expansion delayed until next year  3Q review  Cutting target price by 33%, and maintaining BUY",
        "label": "BUY"
    },
    {
        "id": "2023/11/15_307950_7be7",
        "document": "현대오토에버-그룹 디지털 전환 및 SDV 본격화에 따른 수혜 지속  그룹 디지털 전환 및 차량SW 탑재 본격화에 따른 고성장 시현  SDV 전환 위한 IT인프라 투자 및 차량SW 수요 증가의 수혜  투자의견 Buy, 목표주가 200,000원 유지",
        "label": "BUY"
    },
    {
        "id": "2023/11/15_336570_1329",
        "document": "원텍-실적도 주가도 다시 올리지오  3Q23 Review: 올리지오 수출 및 소모품 판매 감소로 컨센서스 하회   주가 모멘텀: 1) 올리지오X, 2) 소모품 회복, 3) 수출 경쟁력 증명   매출 규모와 이익률 대비 저평가 국면",
        "label": "BUY"
    },
    {
        "id": "2023/11/15_338220_332b",
        "document": "뷰노-바람직한 실적과 더 커지는 미국의 꿈  딥카스 국내 종합병원 침투율 상회  미국은 CPT 코드가 핵심. 미국 딥카스, 딥브레인 밸류 확대 시점",
        "label": "BUY"
    },
    {
        "id": "2023/11/15_338220_f8a3",
        "document": "뷰노-늘어난 매출액과 줄어든 적자폭, 가까워지는 흑자전환  3Q23 Review: 매출액 36억원, 영업이익 -21억원 시현  생각보다 빠른 딥카스 국내 침투율, 2024년에는 미국 시장 침투 기대  딥브레인 등 다른 솔루션의 해외 진출 및 인증절차 모멘텀 지속  2024년 흑자 턴어라운드 전망",
        "label": "NOT RATED"
    },
    {
        "id": "2023/11/15_352820_6225",
        "document": "하이브-위버스 가치를 제외해도 저평가  위버스 신규서비스 연간 매출 최대 4,656억원 기여할 전망  BTS 공백기에도 2024년 성장세 지속될 것으로 전망  저연차 IP의 성장, 강력한 신인 모멘텀 및 공연 부문 중심의 성장 기대",
        "label": "BUY"
    },
    {
        "id": "2023/11/15_348210_42bf",
        "document": "넥스틴-좋은 포지셔닝, 기회 요소는 충분하다  2023년 실적은 다소 부진할 것으로 예상되고, 단기 Trigger Point는 아직 나타나지 않는 모습  다만, KLA 대체 가능한 유일의 회사인 만큼 기회 요소는 많다고 생각  신규 장비 출시에 따른 제품 포트폴리오 다각화, 대형 거래선 확보 기대감, 중국향 매출의 반등 등이 우리가 보는 넥스틴 성장의 기회 요소",
        "label": "BUY"
    },
    {
        "id": "2023/11/15_348210_a927",
        "document": "NEXTIN-Strong position to bring about ample opportunities  Investment strategy  Upcoming opportunities  When will China-bound sales rebound?",
        "label": "BUY"
    },
    {
        "id": "2023/11/15_257720_84d8",
        "document": "실리콘투-이 정도면, K뷰티 전도사  3분기 영업이익이 당사 추정치를 10.1% 상회   4분기도 좋을 수 밖에 없다   화장품 섹터에서 가장 안전한 투자처",
        "label": "BUY"
    },
    {
        "id": "2023/11/15_315640_ce71",
        "document": "딥노이드-올해 누적 수주 100억원, 4분기 매출 성장 본격화 기대  3Q23 Review: 3분기 영업손실 축소  산업용 AI 솔루션 누적 수주 100억원 초과 달성  의료 AI 솔루션 딥뉴로 건강보험 등재 전망",
        "label": "NOT RATED"
    },
    {
        "id": "2023/11/15_375500_f79c",
        "document": "DL이앤씨-가시성 있는 실적 개선  2024 년 플랜트 부문 매출 성장  2024 년 영업이익 4,358 억원(+34.2% YoY) 예상  투자의견 Buy, 목표주가 48,000 원 유지",
        "label": "BUY"
    },
    {
        "id": "2023/11/15_373220_95b4",
        "document": "LG Energy Solution-Changes to Major Assumptions, Forecast  Changes to 2024 assumptions: Battery sales outlook, major demand driver, quarterly earnings   2024E OP at KRW4.5tn (+81% YoY)",
        "label": "BUY"
    },
    {
        "id": "2023/11/15_373220_c8f8",
        "document": "LG에너지솔루션-2024년 2차전지 주요 가정 변화 및 전망  투자의견 Buy, 목표주가 56.4만원 (하향)  2024년 2차전지 주요 가정 변화 및 전망 ① 전지 판매 전망, ② 주요 수요 변수, ③ 분기 실적 방향성  2024년 OP 4.5조원 (+81% YoY) 추정",
        "label": "BUY"
    },
    {
        "id": "2023/11/15_403550_60e1",
        "document": "쏘카-2024년 외형 성장과 수익성 개선 기대  3Q23 실적 Review: 중고차 매각사업 축소로 영업손실 36억 원",
        "label": "BUY"
    },
    {
        "id": "2023/11/15_403550_1b7c",
        "document": "SOCAR-Revenue and profitability to improve in 2024  3Q23 review: Operating loss of W3.6bn amid lower profits on used car sales  Retain Buy rating and TP of W21,000",
        "label": "BUY"
    }
]