[
    {
        "id": "2023/11/20_014790_3070",
        "document": "HL D&I-불리한 여건을 딛고 탁월한 주택사업 역량 발휘  일회성 비용 발생에도 원가율 개선으로 3분기 실적은 예상보다 양호   비우호적인 시장여건에도 탁월한 사업능력으로 높은 분양성과 기록 중   대형현장 완공으로 현금흐름 개선, 매수 및 목표주가 3,200원 제시",
        "label": "BUY"
    },
    {
        "id": "2023/11/20_010120_c1b4",
        "document": "LS ELECTRIC-두 분기 연속 부진은 없다  4분기 실적 시장 기대치 충족 예상, 전력인프라 호조 지속   내년에도 최고 실적 행진, 밸류에이션 매력 큰 상태",
        "label": "BUY"
    },
    {
        "id": "2023/11/20_013580_28ec",
        "document": "계룡건설-지분참여형 개발사업으로 수익성과 안정성 제고  자체사업 호조에도 도급사업 원가율 악화로 부진한 3분기 실적   지분참여형 자체사업을 통해 수익성과 안정성 동시에 추구   여전히 가장 저평가된 건설주. 매수 유지, 목표주가는 22,000원 제시",
        "label": "BUY"
    },
    {
        "id": "2023/11/20_017810_03b1",
        "document": "풀무원-아임 리얼 턴어라운드  [Update] 해외 부문 실적 호조로 수익성 개선  [Forecast] 2024년 드디어 해외 전 법인 흑자 전환  [Valuation] 투자의견 매수, 목표주가 1.4만원 유지",
        "label": "BUY"
    },
    {
        "id": "2023/11/20_008770_c09e",
        "document": "호텔신라-3Q23 Review: 말문이 막히는 실적  면세부분 적자로 영업이익 전년동기대비 71% 하락  4Q Preview: Q(유커 입객 수 증가), P(객단가 상승) 기대  투자의견 Buy 유지, 목표주가 90,000원으로 유지",
        "label": "BUY"
    },
    {
        "id": "2023/11/20_001450_5597",
        "document": "현대해상-Turn around  완화된 예실차 손실 부담  3Q23 별도 당기순이익 2,894 억원(+21% YoY) 기록  2024E 당기순이익 1 조 283 억원(+4.7% YoY) 전망",
        "label": "BUY"
    },
    {
        "id": "2023/11/20_001450_76b9",
        "document": "현대해상-자본력 개선 시 배당 매력 부각 가능  투자의견 BUY 유지, 목표주가 34,000원으로 하향  2024년 전망  3분기 실적 리뷰",
        "label": "BUY"
    },
    {
        "id": "2023/11/20_004170_e15c",
        "document": "신세계-부담 없는 주가  부담 없는 주가  투자의견 Buy 유지, 목표주가 270,000원으로 하향",
        "label": "BUY"
    },
    {
        "id": "2023/11/20_004170_9704",
        "document": "Shinsegae-3Q23 review: misses expectations  3Q23 earnings misses expectations  4Q23 preview: earnings to improve in earnest",
        "label": "BUY"
    },
    {
        "id": "2023/11/20_004170_5c7e",
        "document": "신세계-3Q23 Review: 시장기대치 하회  23년 3분기 실적 시장기대치 하회  4Q23 Preview: 본격적인 실적 개선  투자의견 Buy 유지, 목표주가 220,000원으로 유지",
        "label": "BUY"
    },
    {
        "id": "2023/11/20_010060_ed5d",
        "document": "OCI홀딩스-폴리 증설 우려 속 지속되는 프리미엄  3분기 Daqo도 이익 확보 한계선 수준의 폴리실리콘 가격  지속적으로 우려되는 폴리실리콘 증설  리레이팅 조건은 폭발적인 태양광 수요로 인한 초과 공급 현상 마무리",
        "label": "BUY"
    },
    {
        "id": "2023/11/20_000720_aa38",
        "document": "현대건설-안정적 실적과 현대엔지니어링 실적 회복에 거는 기대  1) 국내 사업은 서울/수도권 중심으로 도시정비 사업 수혜가 기대되는 업체들을 선별할 필요가 있으며, 튼튼한 재무구조 감안 시 동사의 상대적 수혜 기대  2) 해외 사업은 현대건설이 2023년 국내 건설사들 중 가장 양호한 수주 실적을 기록하고 있어, 수주 경쟁력 입증 중  3) 2022년 극도로 부진했던 현대엔지니어링 실적이 그룹사 미주 전기차/배터리 공장 건설 등에 힘입어 올해부터 개선 기대",
        "label": "BUY"
    },
    {
        "id": "2023/11/20_006360_05f4",
        "document": "GS E&C-Bringing Out the Golden Key  Contingent liability and financial structure risk brought to the fore since July; Share price rebound to hinge on reducing either of two   financial structure through utilization of subsidiaries in new businesses   Should concerns over financial structure be alleviated, market attention to shift to improvement in earnings from 2024",
        "label": "BUY"
    },
    {
        "id": "2023/11/20_006360_cede",
        "document": "GS건설-숨겨둔 황금 열쇠를 꺼내 든다면  투자의견 Buy, 목표주가 22,000원으로 상향   7월 이후 강하게 부각된 우발부채 리스크와 재무구조 리스크. 둘 중 하나를 어떻게 축소 시키느냐가 추세적 반등의 관건   신사업 부문 자회사 활용을 통한 재무구조 개선 가능성에 주목   재무구조에 대한 우려가 축소된다면 시장의 관심은 2024년부터의 실적 개선으로 옮겨갈 것",
        "label": "BUY"
    },
    {
        "id": "2023/11/20_006360_3040",
        "document": "GS건설-사고 수습이 우선  1) 인천 검단현장 주차장 붕괴 사고로 인해 2Q23 5,500억 원 충당금 선반영  2) 8월 중 발표된 국토교통부의 GS건설 전국 현장 조사에서 추가 부실은 없는 것으로 판명된 한편, 10개월 영업정지 페널티도 일단 공개된 상황으로 불확실성 일부 해소  3) 최근 올해 첫 서울 지역 재건축 수주에 성공하였으나, 경쟁사 대비 낮은 공사비를 제시한 것으로 알려져 있어 아직 브랜드 파워가 온전히 유지되는지는 추가 확인 필요",
        "label": "HOLD"
    },
    {
        "id": "2023/11/20_006400_3dc3",
        "document": "삼성SDI-2024년 이차전지 사업 P/E 16배, 저점 매수의 기회  동사에 대한 매수 투자의견과 목표주가를 유지한다  동사는 BMW, Audi, Rivian 등 프리미엄 라인업 중심의 자동차 고객사를 확보하고 있어 고금리 기조에 따른 경기 둔화 우려, 유럽 전기차 수요 정체에도 불구하고 전기차향 배터리 출하량이 꾸준하게 증가하고 있다",
        "label": "BUY"
    },
    {
        "id": "2023/11/20_005180_f593",
        "document": "빙그레-다음 여름은 더 뜨겁게 온다  [Update] 빙과 성수기 효과와 해외 비중 확대 긍정적  [Forecast] 2024년 수출 품목 확대와 해외 법인 실적 호조 전망  [Valuation] 투자의견 매수, 목표주가 78,000원 유지",
        "label": "BUY"
    },
    {
        "id": "2023/11/20_006260_aaf2",
        "document": "LS-내년부터 해저케이블 수주 본격화  내년부터 대만, 유럽, 북미 등에서 해저케이블 수주 확대 본격화 되면서 LS 전선 성장성 가속화 될 듯  황산니켈, 폐배터리 재활용 사업 진출 등으로 배터리 소재사로 거듭나면서 LS MnM 밸류에이션 리레이팅 될 듯",
        "label": "BUY"
    },
    {
        "id": "2023/11/20_004370_58f2",
        "document": "농심-신라면 외에도 팔 라면이 많다  [Update] 원가 부담 완화와 매출 성장으로 국내외 수익성 개선  [Forecast] 2024년 해외 성장 지속 전망  [Valuation] 투자의견 매수, 목표주가 62만원 유지",
        "label": "BUY"
    },
    {
        "id": "2023/11/20_003230_b8d9",
        "document": "삼양식품-없어서 못 팔 지경  [Update] 국내외 실적 호조  [Forecast] 2024년 중국, 미국 침투율 확대  [Valuation] 투자의견 매수, 목표주가 26만원으로 상향",
        "label": "BUY"
    },
    {
        "id": "2023/11/20_000370_3ff0",
        "document": "한화손해보험-주주 환원 재개 후 극단적 저평가 해소 기대  인상적인 신계약 성장  3Q23 별도 당기순이익 513 억원(-60% YoY) 기록  2024E 당기순이익 3,346 억원(+5.2% YoY) 전망",
        "label": "BUY"
    },
    {
        "id": "2023/11/20_000370_e6cd",
        "document": "한화손해보험-자본력 개선 시 배당 매력 극대화 가능  투자의견 BUY 유지, 목표주가 5,500원으로 하향  2024년 전망  3분기 실적 리뷰",
        "label": "BUY"
    },
    {
        "id": "2023/11/20_000810_658c",
        "document": "SamsungF&MIns-Remains sector top-pick in 2024  Maintain BUY, but revise up target price to W360,000  2024 outlook  3Q23 review",
        "label": "BUY"
    },
    {
        "id": "2023/11/20_000810_9d61",
        "document": "삼성화재-2024년에도 최선호주 제시  투자의견 BUY 유지, 목표주가 360,000원으로 상향  2024년 전망  3분기 실적 리뷰",
        "label": "BUY"
    },
    {
        "id": "2023/11/20_001040_437f",
        "document": "CJ-CJ 올리브영 매출 성장세 본격화  CJ 올리브영 화장품 주요 오프라인 유통채널로 부상함에 따라 분기를 거듭할수록 매출 성장세 본격화 되면서 실적 개선세 확대될 듯  외국인 관광객의 소비 트렌드 변화로 뷰티 제품 핵심 구매처가 CJ 올리브영 등으로 분산되고 있다 ⇒ 유커 증가로 매출 성장 탄력 붙을 듯  CJ 올리브영 밸류에이션 레벨업 되면서 동사 주가 상승 모멘텀으로 작용할 듯",
        "label": "BUY"
    },
    {
        "id": "2023/11/20_005830_4291",
        "document": "DB손해보험-소급 적용에도 배당 매력은 양호  투자의견 BUY 유지, 목표주가 100,000원으로 상향  2024년 전망  3분기 실적 리뷰",
        "label": "BUY"
    },
    {
        "id": "2023/11/20_000080_1276",
        "document": "하이트진로-Back to the 2020  [Update] 비용 통제로 수익 개선, 가격 인상으로 비용 상쇄  [Forecast] 2024년 판가 인상과 비용 통제로 영업이익 2020년 수준까지  [Valuation] 투자의견 매수, 목표주가 2.8만원 유지",
        "label": "BUY"
    },
    {
        "id": "2023/11/20_005300_d921",
        "document": "롯데칠성-모멘텀은 많고 주가 부담은 제로  [Update] 음료와 주류 신제품 호조 속 주류 실적 견조  [Forecast] 2024년 주류 손익개선 지속과 필리핀 법인 기여 확대  [Valuation] 투자의견 매수, 목표주가 22만원 유지",
        "label": "BUY"
    },
    {
        "id": "2023/11/20_002790_6927",
        "document": "AmoreG-3Q23 review: MBS drives growth  Not bad excluding Amorepacific’s one-off expense  Double-digit growth at major subsidiaries excluding Innisfree",
        "label": "BUY"
    },
    {
        "id": "2023/11/20_002790_6330",
        "document": "아모레G-3Q23 Review: MBS 중심 성장  아모레퍼시픽 일회성 비용을 제외하면 나쁘지 않은 실적  이니스프리 제외한 주요 화장품 자회사 두 자릿수 성장  투자의견 Buy, 목표주가 38,000원으로 유지",
        "label": "BUY"
    }
]