[
    {
        "id": "2023/11/20_005300_b369",
        "document": "롯데칠성-모멘텀은 많고 주가 부담은 제로  [Update] 음료와 주류 신제품 호조 속 주류 실적 견조  [Forecast] 2024년 주류 손익개선 지속과 필리핀 법인 기여 확대  [Valuation] 투자의견 매수, 목표주가 22만원 유지",
        "label": "BUY"
    },
    {
        "id": "2023/11/20_002790_f757",
        "document": "AmoreG-3Q23 review: MBS drives growth  Not bad excluding Amorepacific’s one-off expense  Double-digit growth at major subsidiaries excluding Innisfree",
        "label": "BUY"
    },
    {
        "id": "2023/11/20_002790_c0bb",
        "document": "아모레G-3Q23 Review: MBS 중심 성장  아모레퍼시픽 일회성 비용을 제외하면 나쁘지 않은 실적  이니스프리 제외한 주요 화장품 자회사 두 자릿수 성장  투자의견 Buy, 목표주가 38,000원으로 유지",
        "label": "BUY"
    },
    {
        "id": "2023/11/17_000080_6700",
        "document": "하이트진로-길고 길었던 터널의 끝  3Q23 영업이익 435억원(-23.7% YoY), 컨센서스 큰 폭으로 상회  길어지는 맥주 전쟁 속 희망회로 돌려보기, Again 2019  가격 인상과 마케팅 비용 효율화의 콜라보레이션",
        "label": "BUY"
    },
    {
        "id": "2023/11/17_042700_018c",
        "document": "한미반도체-2024년에도 HBM 대장주는 한미반도체  SK하이닉스와 HBM 듀얼 TC 본더 국산화   23년 HBM3E향 TC 본더 수주 시작 24년 TC 본더 매출 비중 41% 전망   24년 P/B: HBM 장비사 12배 vs. 한미 9배   SK하이닉스 CapEx +2배↑  + TC 본더 추가 수주 → 밸류 부담 해소",
        "label": "BUY"
    },
    {
        "id": "2023/11/17_041510_fd16",
        "document": "에스엠-중국이 아프지만 기다려보자  중국이 아프지만 기다려보자  투자의견 Buy 유지, 목표주가 140,000원 하향",
        "label": "BUY"
    },
    {
        "id": "2023/11/17_011070_7fc1",
        "document": "LG이노텍-애플GPT를 기다린다  투자의견 Buy, 목표주가 330,000원을 유지한다  iPhone 15에 대한 수요는 전작 대비 부진한 것으로 파악되나, 당초 우려 대비로는 견조한 것으로 파악된다  ’24년 광학솔루션 사업부의 영업이익률은 4.0%로 전망된다",
        "label": "BUY"
    },
    {
        "id": "2023/11/17_039030_f90d",
        "document": "이오테크닉스-반도체 레이저 장비 국산화 도장 깨기  ① 삼성전자 1znm 이하 비중 확대 → 레이저 어닐링 장비 수요 증가   ② 웨이퍼 얇아질수록 레이저 커팅장비 수요↑ - 그루빙: 1H24 양산 예정 - 스텔스 다이싱: 고객사 퀄 테스트 마지막 단계   2024년 사상 최대 매출 전망",
        "label": "BUY"
    },
    {
        "id": "2023/11/17_038390_c4bf",
        "document": "레드캡투어-렌터카와 여행 모두 기대되는 내년  3Q23 Review: 3분기 영업이익률 11.6%, 당기순이익률 4.9%  4분기 영업이익 112억원(+53% (YoY)) 예상  2024년의 모멘텀은 여행 사업",
        "label": "NOT RATED"
    },
    {
        "id": "2023/11/17_036930_6383",
        "document": "JEL-Initiating Coverage: Prepared for Substantial Growth  Initiate coverage with BUY, target price of KRW43,000   Specializing in high-k ALD equipment for capacitors   Opportunities from investment in technology migration, market shift from memory-centric to non-memory",
        "label": "BUY"
    },
    {
        "id": "2023/11/17_036930_f95e",
        "document": "주성엔지니어링-2024년 고성장 준비완료  주력 장비: 커패시터향 High-K ALD 장비   ① 테크 마이그레이션 / 신규투자 수혜 ② 메모리 중심에서 비메모리로 확장   2024년 고성장 전망",
        "label": "BUY"
    },
    {
        "id": "2023/11/17_036570_f1d5",
        "document": "엔씨소프트-낮은 기대치가 주는 편안함  대규모 업데이트와 TL의 출시가 예정된 4분기  달라지는 BM에 거는 기대",
        "label": "BUY"
    },
    {
        "id": "2023/11/17_035900_558f",
        "document": "JYP Ent.-공연이 바뀝니다  Quantity → Quality  투자의견 Buy 유지, 목표주가 153,000원 하향",
        "label": "BUY"
    },
    {
        "id": "2023/11/17_033500_5f4c",
        "document": "동성화인텍-정해진 성장 방향  3Q23 Review 믹스 개선으로 기대치 상회  물량 증가, 과점 체재로 정해진 성장 방향  실적 성장 시작",
        "label": "BUY"
    },
    {
        "id": "2023/11/17_018880_0aca",
        "document": "한온시스템-명확한 전략, 늦어지는 회복  2023년 3분기 매출액 2.3조원, 영업이익 200억원을 기록  BMW향 물량이 +40%, Volkswagen +16%, 스텔란티스 +10% 가량 증가했으며, 현대차그룹의 실적호조까지 이어진 영향",
        "label": "BUY"
    },
    {
        "id": "2023/11/17_023160_7e74",
        "document": "태광-단지 조금의 시간이 필요할 뿐  3Q23 Review 일시적 수주 감소 영향  2024년은 미뤄진 수주의 회복 구간  중동, LNG 수혜는 지속될 것",
        "label": "BUY"
    },
    {
        "id": "2023/11/17_017960_a3f4",
        "document": "한국카본-비 온뒤 땅이 굳는다  3Q23 Review 아직은 회복기  LNG선 보냉제 과점사업자 지위는 지속  한국신소재 합병효과, 복합소재 회사의 확장성",
        "label": "BUY"
    },
    {
        "id": "2023/11/17_011930_be50",
        "document": "신성이엔지-2024년 미뤄진 수주 대거 인식  투자의견 Buy,  목표주가 2,300원으로 커버리지 개시   반도체 클린룸 / 2차전지 드라이룸 절대강자   3Q23 실적 바닥 2024년 사상 최대 매출 전망",
        "label": "BUY"
    },
    {
        "id": "2023/11/17_005880_8828",
        "document": "대한해운-저시황도 문제없다는 것을 증명  3Q23 Review: 매출액 -23.6%, 영업이익 -5.7% YoY  LNG 이익 체력 Level Up",
        "label": "BUY"
    },
    {
        "id": "2023/11/17_008770_eedb",
        "document": "호텔신라-악재만 반영된 주가, 이제 업사이드를 대비할 때  3Q23 영업이익 77억원(-71% YoY) 기록, 어닝쇼크 기록  4Q23부터 중국 단체관광객 유입 본격화에 따른 수혜 기대  공급자 중심의 시장 재편 과정의 초입, Top pick 의견 유지",
        "label": "BUY"
    },
    {
        "id": "2023/11/17_012330_3d0b",
        "document": "현대모비스-24년부터 전동화 이익 레버리지 시작  24 년은 전동화부문의 흑자전환과 핵심부품 이익 개선 시작되는 해  투자포인트: 24 년부터 전동화 회수 사이클 및 이익 개선 사이클 기대",
        "label": "BUY"
    },
    {
        "id": "2023/11/17_005810_4dfc",
        "document": "풍산홀딩스-이차전지 리드탭 제조까지 사업 확장  관계사 풍산 부진으로 3Q 실적 예상 하회   리드탭 소재에 이어 리드탭 제조사업까지 확장   투자의견 매수, 목표주가 45,000원 유지",
        "label": "BUY"
    },
    {
        "id": "2023/11/17_005070_12b0",
        "document": "코스모신소재-소입경 단결정 획득. 오히려 몸이 가벼운 후발 주자  목표주가 20만원으로 소폭 하향 조정  단기 및 중장기 실적 방향성 오히려 편하다  소입경 단결정 양극재 양산 시작",
        "label": "BUY"
    },
    {
        "id": "2023/11/17_000720_3139",
        "document": "현대건설-큰 형님의 큰 실적  기착공 주택현장과 신규로 수주한 해외 프로젝트, 그리고 자회사의 계열사 공사 수행까지 더해지며 ＇23년에 이어 ＇24년에도 견조한 외형성장을 이어간다는 점은 가장 큰 투자포인트  ＇24년 연결 매출액 29조 8,215억원(+6.0% YoY), 영업이익 9,704억원(+24.7% YoY, OPM 3.3%) 전망  해외 프로젝트 수주 기대감은 유효하며, 주택부문을 비롯한 전사 실적 성장 전망",
        "label": "BUY"
    },
    {
        "id": "2023/11/17_006400_c397",
        "document": "삼성SDI-볼수록 매력적  3분기 리뷰 ? 매출 6조원, 영업이익 4,960억원으로 시장 예상치 부합  시장 우려에도 견조한 수요, 46파이 및 전고체 샘플 공급 개시 등 사업가치 부각  목표가 750,000원으로 소폭 하향하나, 사업 환경과 밸류를 감안하면 좋은 매수 기회",
        "label": "BUY"
    },
    {
        "id": "2023/11/17_006400_b370",
        "document": "삼성SDI-I am 배터리에요  목표주가 65만원 유지. 모든 밸류에이션 지표 저평가 영역  점진적이지만 확장되는 EV 배터리 고객사",
        "label": "BUY"
    },
    {
        "id": "2023/11/17_009150_1f11",
        "document": "삼성전기-Huawei 팩터와 On device AI  투자의견 Buy, 목표주가 160,000원을 유지한다  24년 MLCC 산업의 성장률은, 장기 성장률인 CAGR +high single digit로 회귀할 것으로 전망된다  한편, 단납기 중심의 주문이 이어지는 것을 보면, 수요 회복 속도는 여전히 더딘 것으로 파악된다",
        "label": "BUY"
    },
    {
        "id": "2023/11/17_003070_fd0c",
        "document": "코오롱글로벌-주택, 인프라, 네옴, 풍력, let’s go  투자의견 BUY, 목표주가 16,000원을 제시하며 커버리지 개시  ＇24년 연결 매출액 2조 5,925억원(-3.2% YoY), 영업이익 685억원(+11.6% YoY, OPM 2.6%) 전망  목표주가는 당사 추정 ＇24F BPS 32,241원에 Target P/B 0.50배를 적용한 16,000원 제시",
        "label": "BUY"
    },
    {
        "id": "2023/11/17_005930_ef78",
        "document": "SamsungElec-Moving to Forefront of Changing AI Memory Market  Set to be beneficiary of on-device AI market   4Q23E OP at KRW3.5tn, in line with market consensus   2024 outlook: OP at KRW33.3tn (+360% YoY)",
        "label": "BUY"
    },
    {
        "id": "2023/11/17_005930_db67",
        "document": "삼성전자-AI 메모리 변화의 중심  온 디바이스 (On-Device) AI 수혜   4분기 추정 영업이익 3.5조원, 컨센 부합   2024E 영업이익 33.3조원, +360% YoY",
        "label": "BUY"
    }
]