[
    {
        "id": "2023/11/21_001530_cf99",
        "document": "DI동일-견고한 주가에는 그럴만한 이유가 있다  기업가치 저평가 해소 국면에 진입한 국내 1위 2차전지 양극박 제조업체  본업 경쟁력 강화 + 주주 친화 정책 = 기업가치 재평가  보유 토지 가치만 1조원 이상, 충분한 안전마진 확보",
        "label": "NOT RATED"
    },
    {
        "id": "2023/11/21_010140_e097",
        "document": "삼성중공업-Risk-Free 조선소  동사는 23년 1분기 흑자전환을 시작으로 3개 분기 연속 안정적인 실적을 내고 있으며 연초 제시한 가이던스 (매출 8조원/ 영업이익 2천억원)에 무난하게 근접한 연간 실적을 낼 것으로 예상된다  상선 수주 기대는 타사와 비슷한 가운데 동사는 해양에서 확실한 pipeline을 보유하고 있다  동사를 조선업종 중 최선호주로 제시하며, 투자의견 BUY, 목표주가 11,000원을 유지한다",
        "label": "BUY"
    },
    {
        "id": "2023/11/21_009420_6e78",
        "document": "한올바이오파마-Anti-FcRn 개화기에 주목받는 best-in class  TNF-a 저해제 시장을 위협하는 Anti-FcRn 계열 치료제  Anti-FcRn 계열 치료제 개화기, 발빠른 상업화 성과 중요  IMVT-1402의 고용량 반복투여 결과 발표 및 중국 바토클리맙의 승인 기대감",
        "label": "BUY"
    },
    {
        "id": "2023/11/21_014680_b6d1",
        "document": "한솔케미칼-눈에 보이기 시작할 때  3분기 실적 Review 및 커버리지 개시  투자의견 BUY, 적정주가 230,000원을 제시하며 커버리지 개시  24년 매출액 8,439억원(+9%, 이하 YoY), 영업이익 1,652억원(+23%)을 전망",
        "label": "BUY"
    },
    {
        "id": "2023/11/21_001450_d3e6",
        "document": "현대해상-좋아질 일만 남았으니까  향후 하방 리스크 크지 않다고 판단  추가 규제 개선 시 최대 수혜 예상",
        "label": "BUY"
    },
    {
        "id": "2023/11/21_010620_fe4a",
        "document": "현대미포조선-기다리면 때가 온다  빅3조선소와 다르게 아직 흑자 전환에 성공하지 못했다. 중소형선 위주의 Product Mix상 선가 개선이 더딘 한계가 있다. 그러나 3분기 적자폭은 불과 -78억원으로 흑자를 목전에 두고 있어, 조심스럽지만 4분기에는 소폭의 흑자를 예상한다  실적에 주목하느라 가려져 있지만 동사의 수주는 견조하다  동사에 대한 투자의견 BUY, 목표주가 97,000원을 유지한다",
        "label": "BUY"
    },
    {
        "id": "2023/11/21_005850_486a",
        "document": "에스엘-든든한 역대급 신규 수주  안정적으로 7%~8% 영업이익률을 유지 중인 램프 사업  역대급 신규 수주도 향후 기대 요인",
        "label": "BUY"
    },
    {
        "id": "2023/11/21_005070_8f92",
        "document": "코스모신소재-매력적인 후발 주자  3Q23 영업이익 81억원, ASP 하락에 따른 감익  4Q23E 영업이익 102억원, 양극재 및 필름 성장에 따른 증익  성장 초입 단계, 업황 영향이 상대적으로 적을 것",
        "label": "BUY"
    },
    {
        "id": "2023/11/21_006400_5f0a",
        "document": "삼성SDI-ASP 하락 지속에도 돋보이는 수익성  3Q23 영업이익 4,960억원, 중대형 출하량 증가에 따른 증익  4Q23E 영업이익 5,027억원, ASP 하락에도 P5 출하 비중 상승 지속  견조한 수익성에 밸류에이션 매력까지",
        "label": "BUY"
    },
    {
        "id": "2023/11/21_006400_a182",
        "document": "삼성SDI-섹터 불확실성 속 상대적 안정성 부각  2024년 수요 둔화 우려 상대적으로 적음  2024년 P6, 46파이 양산 시작 + 수주 모멘텀 기대  동사에 대한 목표주가 660,000원으로 하향",
        "label": "BUY"
    },
    {
        "id": "2023/11/21_009150_c2e6",
        "document": "삼성전기-내년부터 완만한 회복은 예상되나..  핵심 Cash Cow인 MLCC의 3분기 매출액은 USD기준으로 QoQ로 9.2% 증가하였지만, Commodity제품 위주로 수요가 증가하면서 제품 Mix는 악화되었고 Blended ASP와 수익성 모두 하락  4분기 매출액은 고객사 재고조정 여파로 QoQ로 8.3% 감소한 2.16조원이 예상되며, 영업이익은 QoQ로 29.5% 감소한 1,293억원을 기록할 것으로 전망",
        "label": "BUY"
    },
    {
        "id": "2023/11/21_004960_9b1d",
        "document": "한신공영-대형 자체사업 계약률 상승으로 반등의 계기 마련  3분기 실적: 매출 호조에도 원가부담 지속으로 이익은 부진   대형 자체사업 계약률 상승으로 실적 및 현금흐름 모두 반등   풍부한 현금 보유로 재무융통성 양호. 매수 및 목표주가 12,000원 유지",
        "label": "BUY"
    },
    {
        "id": "2023/11/21_003720_9243",
        "document": "삼영-괄목할 만한 성장 전망, 큰 그림을 향하여  국내 유일 커패시터 필름 제조 기업  24년 이익의 레벨업 전망",
        "label": "BUY"
    },
    {
        "id": "2023/11/21_003230_67f7",
        "document": "삼양식품-대장은 나야  2024년 매출액 +15% YoY, 영업이익 +15% YoY 전망  투자의견 BUY 유지, 목표주가 280,000원으로 상향 조정(+17%)",
        "label": "BUY"
    },
    {
        "id": "2023/11/21_005380_51f7",
        "document": "현대차-2024년 하반기 최선호주  2024년 연간 전망: 여전히 과거 대비 높은 수익성, 그러나 전년 대비 감익  Multiple Rerating에 기인한 주가 턴어라운드 아이디어 발굴에 집중  투자의견 BUY, 목표주가 240,000원 유지",
        "label": "BUY"
    },
    {
        "id": "2023/11/21_005380_c694",
        "document": "현대차-코스피 시장의 육각형 남자  2024년 매출액 174.5조원(YoY +7.0%), 영업이익 15조원(YoY -3.3%, OPM 8.6%)으로 소폭 감익 추정  ① Quantity: 23년 4분기부터 신흥국을 중심으로 물량 증가. 그러나 주요 선진 시장에서의 이연 수요 해소와 비우호적인 매크로 상황을 감안했을 때, 도매 판매 대수는 435만 대(YoY +1.6%) 수준에 그칠 것으로 예상  ② Price: 미국 시장에서의 인센티브 상승과 신흥국 시장 판매 회복으로 인한 지역 믹스 악화는 부정적. 특히 인센티브는 차량 가격 대비 9% 까지도 높아질 가능성 충분. 그러나 높아진 펀더멘탈과 하이브리드 수요를 기반으로 한 트림 믹스 개선세는 여전히 이어질 것으로 예상. ASP는 YoY +5.3%으로 추정",
        "label": "BUY"
    },
    {
        "id": "2023/11/21_005380_013b",
        "document": "현대차-지금은 증시 방어주  24년 실적 관건: 안정적인 북미 & 내수 판매 실적 필요  지난 1년간 지속되 온 금융 사업부 감익 규모도 축소 중  미국 EV 공장 가동으로 미국 인센티브 부담 완화될 것",
        "label": "BUY"
    },
    {
        "id": "2023/11/21_000270_ae2f",
        "document": "기아-조금 더 부담스러운 감익의 폭  2024년 연간 전망: 전년의 낮은 인센티브 기저가 부담으로  EV3,4,5 등 B~C-Segment BEV 역할 중요  투자의견 Outperform으로 하향, 목표주가 100,000원 유지",
        "label": "OUTPERFORM"
    },
    {
        "id": "2023/11/21_000270_764b",
        "document": "기아-못 해도 더블디짓  2024년 매출액 109.5조원(YoY +6.9%), 영업이익 11.6조원(YoY -4.9%, OPM 10.6%)으로 소폭 감익 추정  ① Quantity: 23년 4분기부터 신흥국을 중심으로 물량 증가. 그러나 주요 선진 시장에서의 이연 수요 해소와 비우호적인 매크로 상황을 감안했을 때, 도매 판매 대수는 323만 대(YoY +2.5%) 수준에 그칠 것으로 예상  ② Price: 미국 시장에서의 인센티브 상승과 신흥국 시장 판매 회복으로 인한 지역 믹스 악화 부정적. 특히 인센티브는 차량 가격 대비 9%까지도 높아질 가능성 충분. 그러나 미국 시장에서 주력 SUV 모델 신차 출시, 높아진 펀더멘탈 감안했을 때, ASP는 YoY +4.9%으로 추정",
        "label": "BUY"
    },
    {
        "id": "2023/11/21_000270_4c49",
        "document": "기아-미국과 환율이 ‘24년 변수  24년 실적 관건: 안정적인 북미 실적 유지와 환율  볼륨 신차가 없는 것은 아쉬운 점이지만 HEV 라인업은 기대  밸류에이션과 7% 배당 수익률 매력 존재",
        "label": "BUY"
    },
    {
        "id": "2023/11/21_005300_5880",
        "document": "롯데칠성-너무 많은 모멘텀  2024년 매출액 +30% YoY, 영업이익 +28% YoY 전망  투자의견 BUY, 목표주가 200,000원 유지",
        "label": "BUY"
    },
    {
        "id": "2023/11/21_003490_2cd4",
        "document": "대한항공-여객 수요 호조 하에 화물 매출 바닥 확인 긍정적  4분기 양호한 국제선 수요 지속, 화물 매출 증가세 전환 전망  국제선 수요 피크아웃보단 정상화에 주목해야할 시점  투자의견 BUY 및 목표주가 30,000원 유지",
        "label": "BUY"
    }
]