[
    {
        "id": "2023/11/15_214450_fd42",
        "document": "파마리서치-우려를 이겨내는 실적  3Q23 review: 의료기기 내수 성장 및 화장품 수출 성장, 홈쇼핑 채널 축소를 통한 판관비 감소로 영업이익 컨센서스 상회.  투자의견 BUY, 목표주가 19만원 유지: 리쥬란 브랜드 확장 지속 중이며, 출시 초기국가 중심 매출 상승 기대. 콘쥬란 급여 기준 강화 이슈는 지속 확인 필요.",
        "label": "BUY"
    },
    {
        "id": "2023/11/15_214450_8254",
        "document": "PharmaResearch-Steady sales growth of medical devices and cosmetics  3Q review  Maintaining BUY and KRW190,000 target",
        "label": "BUY"
    },
    {
        "id": "2023/11/15_214450_82e4",
        "document": "파마리서치-또 역대급 실적, 성장판 많이 열려있다  3Q23 매출액 및 영업이익 당사 추정치/컨센서스 상회  동사의 성장 동력인 화장품과 의료기기 성장 지속 가능 판단  글로벌 국가 확대 및 화장품 신제품 출시 통해 매출 확대 기대",
        "label": "BUY"
    },
    {
        "id": "2023/11/15_214450_8f27",
        "document": "파마리서치-3Q23 Review: 기대치를 상회하는 영업현황 확인  3Q23 Review: 매출액 688억원(+49% yoy), 영업이익 275억원(+66% yoy)  수출 국가 확대를 통한 성장에 관심이 높아지는 시점",
        "label": "BUY"
    },
    {
        "id": "2023/11/15_214450_eb8a",
        "document": "파마리서치-리쥬란브랜드 파워 실적으로 확인  3분기 어닝 서프라이즈 실현  리쥬란 스킨부스터, 리쥬란 화장품 브랜드 잠재력에 주목한다  4분기 영업실적 전망도 긍정적",
        "label": "BUY"
    },
    {
        "id": "2023/11/15_095570_76d9",
        "document": "AJ네트웍스-3Q23 Review: 매출 부진에도 불구하고,수익성 개선은 긍정적.  3Q23 Review: 매출액은 감소세를 보이나, 수익성은 개선되어 영업이익은 시장 기대치를 상회  4Q23 Preview: 전년 동기 수준의 매출액을 예상하지만, 수익성 개선은 지속될 것으로 전망",
        "label": "BUY"
    },
    {
        "id": "2023/11/15_228670_945a",
        "document": "레이-예상되었던 부진, 4Q23 실적의 핵심은 미국 시장  매출 및 영업이익 모두 시장기대치 하회하는 실적 달성  현 주가는 12개월 선행 P/E 16배로 동사의 지난 1년 평균(33배) 및 글로벌 Peer(24배) 대비 저평가",
        "label": "BUY"
    },
    {
        "id": "2023/11/15_228670_2c6c",
        "document": "Ray-Sluggish 3Q23 results; US market to hold the key in 4Q23  Revenue and OP miss consensus  Undervalued at a 12-month forward P/E of 16x vs. one-year average of 33x and global peer average of 24x",
        "label": "BUY"
    },
    {
        "id": "2023/11/15_195940_9dc7",
        "document": "HK이노엔-2024년에도 지속되는 성장 스토리  투자의견 BUY 및 목표주가 50,000원으로 신규 제시  2024년 주가 Catalysts: 케이캡® 국내 및 글로벌 판매 수익 증가, 미국 임상 완료  Phathom Pharmaceuticals(NASDAQ: PHAT)의 보？자®(다케다 보노프라잔 미국 브랜드) FDA 승인(10월 30일)",
        "label": "BUY"
    },
    {
        "id": "2023/11/15_241590_b35d",
        "document": "화승엔터프라이즈-3Q23 Review: 재고 부담  3Q23 가동률 저하   투자의견 Buy 및 적정주가 10,000원 제시",
        "label": "BUY"
    },
    {
        "id": "2023/11/15_241590_f8d7",
        "document": "화승엔터프라이즈-2024년 스포츠 빅이벤트  앞두고 재고 조정 막바지  3분기에도 가동율 80% 초중반으로 부진  고객사 재고 조정은 기대 이상으로 빠르게 진행  10월 가동율 완만히 회복. 2024년 스포츠 빅이벤트 앞두고 수주 회복 예상",
        "label": "BUY"
    },
    {
        "id": "2023/11/15_239890_060b",
        "document": "피엔에이치테크-본격적인 OLED 확대 시작  3Q23 영업이익 21억원(+133% QoQ) 기록   4분기 영업이익 27억원(+33% QoQ) 전망   IT OLED 소재 구성 협의가 진행될 2023년 연말에 주목   IT OLED 확대에 따른 이중 수혜 + 차량용 OLED 확대",
        "label": "BUY"
    },
    {
        "id": "2023/11/15_178320_138c",
        "document": "서진시스템-3Q23 Review: 4분기부터 전 사업, 본격적인 실적 성장 기대  3Q23 Review: 시장 기대치 하회했으나, 지난해 4분기부터 전기차 부품 사업 성장세 유지  4Q23 Preview: 베트남 박닌, 박장 공장은 물론 임대 공장까지 가동, 전 사업 부문 높은 실적 성장세 예상",
        "label": "BUY"
    },
    {
        "id": "2023/11/15_251270_6e7f",
        "document": "넷마블-오버행만으로 안보긴 아깝다  목표주가 65,000 원으로 커버리지 개시. 게임 Top Pick 으로 제시  <나 혼자만 레벨업>의 해외 인지도는 상상 이상  AI 수혜는 클 것",
        "label": "BUY"
    },
    {
        "id": "2023/11/15_259960_da41",
        "document": "크래프톤-기다리던 신작이 온다  24년 영업이익 6,773억원으로 예상  신작 가뭄은 끝나고 24년을 기점으로 글로벌 대작 기대",
        "label": "BUY"
    },
    {
        "id": "2023/11/15_243840_df66",
        "document": "신흥에스이씨-지나친 소외  3분기 실적, 당사 예상치에 부합  4분기 고객사 재고조정 영향이 있으나 24년 20%대 성장 유효",
        "label": "BUY"
    },
    {
        "id": "2023/11/15_243840_698a",
        "document": "SHINHEUNG SEC-Shares have been sidelined for too long  3Q results in line  4Q results to take a hit from clients’ inventory adjustment; sales to grow more than 20% y-y in 2024",
        "label": "BUY"
    },
    {
        "id": "2023/11/15_263720_2c60",
        "document": "디앤씨미디어-글로벌IP가 있다는 것  24년 영업이익 144억원으로 예상  본업도 이상무",
        "label": "BUY"
    },
    {
        "id": "2023/11/15_281820_2c10",
        "document": "케이씨텍-HBM까지 아우른다  CMP 공정 장비·소재사  HBM까지 아우른다  투자의견 Buy, 목표주가 27,000원으로 커버리지 개시",
        "label": "BUY"
    },
    {
        "id": "2023/11/15_294870_f883",
        "document": "HDC현대산업개발-바닥 짚고 일어나는 중  2024년 광운대 역세권으로 자체사업 재시동  전화위복  커버리지 재개, 투자의견 매수, 목표주가 18,000원",
        "label": "BUY"
    },
    {
        "id": "2023/11/15_293490_2e2d",
        "document": "카카오게임즈-PC 신작을 기다리며  24년 영업이익 1,540억원으로 예상  본격적인 성장은 PC 신작이 반응하면",
        "label": "BUY"
    },
    {
        "id": "2023/11/15_290650_2b20",
        "document": "엘앤씨바이오-3Q23 Re: 메가카티 매출액 35억원  3Q23 Re: 또 한번 분기 최고 매출액 경신  중국 진출 계획도 이상 무  2023년 매출액 716억원, 영업이익 116억원 전망",
        "label": "NOT RATED"
    },
    {
        "id": "2023/11/15_290650_7d89",
        "document": "엘앤씨바이오-메가카티 효과 확인한 3Q  역대 최대 실적 달성한 3Q  확인해야 할 두 가지 이슈",
        "label": "NOT RATED"
    },
    {
        "id": "2023/11/15_306200_b3e1",
        "document": "세아제강-여러 악재에도 선방한 실적  3Q23 Review: 매출액 4,234억원, 영업이익 409억원(OPM 10%) 기록  4분기, 판가 인상이 중요해지는 시점",
        "label": "BUY"
    },
    {
        "id": "2023/11/15_306200_7ca5",
        "document": "세아제강-3분기 악화된 수익성, 4분기 재차 개선될 전망  3Q23 예상했던 수준의 영업실적 달성  4분기는 내수 마진율 소폭 회복과 판매량 증가 기대",
        "label": "BUY"
    },
    {
        "id": "2023/11/15_297090_89b8",
        "document": "씨에스베어링-고객사 다변화가 시급  3Q23 Review: 판매 지연으로 인한 실적 쇼크  4Q23 Preview: 점진적 회복 전망",
        "label": "BUY"
    },
    {
        "id": "2023/11/15_297090_e3fc",
        "document": "CS BEARING-Customer diversification needed  3Q23 review: Earnings miss due to wind power project delays  4Q23 preview: Earnings to recover gradually",
        "label": "BUY"
    },
    {
        "id": "2023/11/15_297090_2236",
        "document": "씨에스베어링-기대는 다시 내년으로  3Q23 영업이익은 -13억원으로 컨센서스(19억원) 하회  메인 고객사인 GE가 3,4분기에 진행 예정이었던 프로젝트를 내년으로 연기한 것이 컨센서스 하회 요인으로 작용  GE향 매출 연기 및 최근 글로벌 풍력 프로젝트 지연에 따른 실적 추정치 하향 반영 하여 목표주가 33% 하향 조정",
        "label": "BUY"
    },
    {
        "id": "2023/11/15_297090_2b93",
        "document": "CS BEARING-Earnings expansion delayed until next year  3Q review  Cutting target price by 33%, and maintaining BUY",
        "label": "BUY"
    },
    {
        "id": "2023/11/15_307950_c708",
        "document": "현대오토에버-그룹 디지털 전환 및 SDV 본격화에 따른 수혜 지속  그룹 디지털 전환 및 차량SW 탑재 본격화에 따른 고성장 시현  SDV 전환 위한 IT인프라 투자 및 차량SW 수요 증가의 수혜  투자의견 Buy, 목표주가 200,000원 유지",
        "label": "BUY"
    }
]