[
    {
        "id": "2023/11/16_030200_0057",
        "document": "KT-주주환원 강화 기대  연결 영업수익은 26조8,081억원(+1.5% YoY), 영업이익 1조8,482억원, 영업이익률 6.9% 전망  3년간 AI 매출 1,000억원 이상 목표로 하고 있는 상황으로, AI/New Biz 사업부 매출증가율 10% 중반을 기록, 5,000억원 이상의 매출 기록할 것으로 예상  배당 정책 변경: 자사주 매입/소각 기대감 강화",
        "label": "BUY"
    },
    {
        "id": "2023/11/16_033780_24c8",
        "document": "KT&G-주주환원정책도 글로벌  주주환원정책 강화 긍정적  담배가격 인상 여부가 변수  투자의견 BUY, 목표주가 120,000원",
        "label": "BUY"
    },
    {
        "id": "2023/11/16_030000_1675",
        "document": "제일기획-광고 경기 회복 시 탄력적 개선  4분기, 불황에도 강함을 증명  2024년 상반기까지는 기저효과, 하반기부터는 광고 경기 회복  투자의견 BUY, 목표주가 28,000원 유지",
        "label": "BUY"
    },
    {
        "id": "2023/11/16_024110_4586",
        "document": "기업은행-꾸준한 실적, 배당으로 연결  꾸준한 이익증가  안정적이고 높은 배당수익률  투자의견 매수, 목표주가 15,000원",
        "label": "BUY"
    },
    {
        "id": "2023/11/16_010690_8d27",
        "document": "화신-3Q23 Review: 끝나가는 휴식  3Q23 영업이익은은 시장 기대치 소폭 하회. 비수기 영향에 따른 일시적 수익성 부진  3Q23 매출액은 4,433억원(YoY -3%), 영업이익 220억원(YoY -26.3%, 영업이익률 5.0%) 기록  지역별로는 본사/인도/북경/미국/브라질 지역의 매출증가율이 각각 YoY -13%/+2%/+34%/+2%을 기록했으며, 완성차의 출고판매 증가율이 YoY -1%을 기록했음을 감안시 완성차와 in-line한 수준의 외형 기록",
        "label": "BUY"
    },
    {
        "id": "2023/11/16_008770_a7f6",
        "document": "호텔신라-中 인바운드 회복 기대감 유효  재고 관련 손실로 일시적 부진  내년 상반기 수익성 반등 전망  투자의견 BUY, 목표주가 108,000원",
        "label": "BUY"
    },
    {
        "id": "2023/11/16_010130_88d0",
        "document": "고려아연-중기적으로 아연가격 반등 기대  24년 매출액 9조 6,300억원, 영업이익 6,020억원으로 영업이익은 전년대비 -4% 예상.   실적 감소를 예상하는 이유는 계약 T/C가 하락할 것으로 예상되기 때문.   현재 spot T/C는 톤당 102달러로 23년 계약 T/C 274달러를 크게 하회하고 있음",
        "label": "BUY"
    },
    {
        "id": "2023/11/16_009420_7328",
        "document": "Hanall Biopharma-Expansion of indications for FcRn inhibitor  IMVT-1402 expected to become best-in-class  Relation between IgG decrease and clinical effects  FnRN inhibitor indications to be reveled in 2024",
        "label": "BUY"
    },
    {
        "id": "2023/11/16_009420_b2ea",
        "document": "한올바이오파마-FcRn 억제제 성장 중심에 있는 적응증 확대  Best in class로 기대하는 IMVT-1402  IgG 감소율과 임상 효과 연관성  24년 공개될 FcRn 억제제들의 적응증",
        "label": "BUY"
    },
    {
        "id": "2023/11/16_017670_3d5a",
        "document": "SK텔레콤-24년 B2B 확대로 브로드밴드 고성장 기대  24년 연결기준 매출 17조8,720억원(+1.8% YoY), 영업이익 1조8,680억원, OPM 10.5% 전망  특히 SK브로드밴드의 성장 기대. 데이터센터/클라우드와 AI를 필두로 한 B2B 사업 확대로 SK브로드밴드 매출 4 조5,120억원(+5.2% YoY)로 한자릿수 중반대 성장률 기록할 것으로 기대  주주환원 정책 확대에 대한 기대감도 유효",
        "label": "BUY"
    },
    {
        "id": "2023/11/16_001450_ccda",
        "document": "Hyundai M&F INS-3Q review: Valuation merit rising  Net profit up thanks to narrowing of ‘gap between assumptions and actual figures’  Implications from application of FSS’ guideline  Maintaining BUY",
        "label": "BUY"
    },
    {
        "id": "2023/11/16_001450_e7a5",
        "document": "현대해상-3Q review: 불확실성 해소로 낮은 valuation 부각 가능  예실 차 개선에 따른 손익 개선  계리적 가이드라인 관련 영향",
        "label": "BUY"
    },
    {
        "id": "2023/11/16_005850_1f24",
        "document": "에스엘-최고의 실적 지속  3Q23 시장 기대치 상회. 영업일수 축소 및 비수기 영향과 더불어 국내외 파업 등 대내외 변수가 연초이후 가장 집중된 분기로, 2Q23대비로는 영업이익 규모 축소  3Q23 매출액은 1.18조원(YoY +10.4%), 영업이익 827억원(YoY +70.6)기록했으며, 영업이익은 시장 기대치 소폭 상회  전분기와 비교시 영업이익 규모는 약 400억원 축소",
        "label": "BUY"
    },
    {
        "id": "2023/11/16_005490_484c",
        "document": "POSCO홀딩스-상저하고의 업황  24년 매출액 77조 7,090억원, 영업이익 4조 7,000억원으로 영업이익 YoY +8% 예상.   24년 상반기 영업이익은 23년 하반기의 부진한 수준이 지속되나 수급이 개선되면서 24년 하반기부터 완만하지만 실적 회복",
        "label": "BUY"
    },
    {
        "id": "2023/11/16_004020_d398",
        "document": "현대제철-Valuation 매력 유효  24년 매출액 26조 2,350억원, 영업이익 1조 1,810억원으로 영업이익 YoY -6% 예상.   건설 경기 부진에 따른 수요 감소로 동사의 주력 사업부인 봉형강 부문은 23년 대비 이익이 줄어들 것으로 예상되고 판재부문은 1분기 까지 글로벌 수요 부진으로 spread가 축소가 예상되나 2분기부터 점진적으로 개선",
        "label": "BUY"
    },
    {
        "id": "2023/11/16_007810_80e3",
        "document": "코리아써키트-2024년 주목하자  3Q 실적은 부진, 반도체 PCB(패키지) 매출 둔화  2024년 MLB(HDI), 북미 고객향 신규로 매출 예상",
        "label": "BUY"
    },
    {
        "id": "2023/11/16_006400_1022",
        "document": "삼성SDI-업황을 이겨내는 힘  자동차전지 차별적 포인트 주목",
        "label": "BUY"
    },
    {
        "id": "2023/11/16_006400_28da",
        "document": "삼성SDI-안정적인 고객사 수요와 밸류 매력 확대  경쟁사 대비 고객사 수요 우려 제한적  27년 북미 Capa 100GWh 예상  부담 없는 밸류에이션. 투자의견 매수, 목표주가 78만원 유지",
        "label": "BUY"
    },
    {
        "id": "2023/11/16_009150_36aa",
        "document": "삼성전기-수요 회복기 높은 실적 회복력  MLCC 마지막 진통 과정, 전장용 제품군 성장세 지속",
        "label": "BUY"
    },
    {
        "id": "2023/11/16_006260_8e26",
        "document": "LS-변신은 무죄  확실한 성장 동력 확보, 재평가 기대",
        "label": "BUY"
    },
    {
        "id": "2023/11/16_000880_f608",
        "document": "한화-실적 부진 지속, 2024년부터 개선 전망  3분기 연결 매출액 11.9조원(-19% yoy), 영업이익 3,823억원(-69% yoy)  23년 4분기 한화솔루션 및 에어로스페이스 실적 개선. 글로벌 및 모멘텀의 매출 증가로 3분기를 저점으로 실적 개선세 진입 예상",
        "label": "BUY"
    },
    {
        "id": "2023/11/16_001060_7138",
        "document": "JW중외제약-3Q23 Re: 내년에도 역대 최대 실적, 탈모치료제 모멘텀  3Q23 Re: 컨센서스를 상회하는 호실적 기록  24년에도 역대 최대 실적 기록할 전망  투자의견 Buy, 목표주가 47,000원 유지, 밸류에이션 매력, 탈모 파이프라인 주목",
        "label": "BUY"
    },
    {
        "id": "2023/11/16_003230_e66b",
        "document": "삼양식품-미국 메인스트림으로  국내외 마케팅 투자 확대 지속  미국 중심의 고성장 기대  투자의견 BUY, 목표주가 260,000원",
        "label": "BUY"
    },
    {
        "id": "2023/11/16_000810_fdbd",
        "document": "SamsungF&MIns-3Q review: Becoming more competitive  Investment profit down due to seasonality and one-off costs  New business CSM growth a positive development  Maintaining BUY",
        "label": "BUY"
    },
    {
        "id": "2023/11/16_000810_fb6d",
        "document": "삼성화재-3Q review: 본질적 경쟁력 강화가 이어지는 중  보험손익 계절성 및 일회성 투자 비용 발생  신계약 CSM 성장 확대 긍정적",
        "label": "BUY"
    },
    {
        "id": "2023/11/16_001040_c801",
        "document": "CJ-올리브영 순항 중. 과징금 관련 시장 우려도 다소 과도  한한령 해제에 따른 입국자 수 급증은 없었지만 올리브영의 성장성은 여전히 견고  올리브영의 독점거래 강요 관련 과징금에 대한 시장 우려도 다소 과도하다고 판단",
        "label": "BUY"
    },
    {
        "id": "2023/11/16_005830_e4a2",
        "document": "DB Insurance-3Q review: Fundamentals remain intact  3Q results sluggish due to one-off costs at commercial lines and revaluation loss on invested assets  Implications from adoption of FSS’ actuarial assumption guideline",
        "label": "BUY"
    },
    {
        "id": "2023/11/16_005830_b3b7",
        "document": "DB손해보험-3Q review: 펀더멘털 이상 무  일반보험 및 투자 부문 일회성 요인으로 부진  계리적 가이드라인 관련 영향",
        "label": "BUY"
    },
    {
        "id": "2023/11/16_005300_ba7b",
        "document": "롯데칠성-KRUSH 출시  수익성 방어 능력 충분  맥주 신제품 기대감 확대 전망  투자의견 BUY, 목표주가 210,000원",
        "label": "BUY"
    },
    {
        "id": "2023/11/16_003690_14b9",
        "document": "코리안리-힘을 숨기는 중  3Q23 별도 순이익 240억원(-50% YoY), 어닝 쇼크 실질의 개선 지속  ‘실질’의 개선 지속  IFRS4 기준 배당성향 30% 가정 시, 기대 DY 7.7%",
        "label": "BUY"
    }
]