[
    {
        "id": "2023/11/28_004000_dbcc",
        "document": "롯데정밀화학-섹터 내 가장 부담없는 종목  2024년 헤셀로스 Capa +50%, 그린소재 영업이익 비중 증가  투자의견 Buy, 목표주가 80,000원 유지",
        "label": "BUY"
    },
    {
        "id": "2023/11/28_000990_6708",
        "document": "DB하이텍-수요 회복을 기다리며  3분기 실적은 매출 2,678억원, 영업이익 503억원으로 각각 전년비 40%, 65% 감소  2023년 연간 실적은 매출 1.15조원, 영업이익 2,791억원으로 전년대비 감소 전망",
        "label": "BUY"
    },
    {
        "id": "2023/11/28_006800_364b",
        "document": "미래에셋증권-2024년 쉽지 않는 금융시장 환경 속, 자본력은 힘이 될 것  FY23 3Q 당기순이익(연결) 769억원, QoQ 45.4%↓, YoY 26.3%↓  투자의견 매수, 목표주가 9,000원 유지",
        "label": "BUY"
    },
    {
        "id": "2023/11/28_005940_3326",
        "document": "NH투자증권-FY23 3Q 1,007억원으로 견조한 실적 시현, 목표주가 상향  2023년 3분기 당기순이익 1,007억원, QoQ 44.9%↓, YoY 746.2%↑  투자의견 매수 상향, 목표주가 13,000원으로 상향 조정",
        "label": "BUY"
    },
    {
        "id": "2023/11/28_005930_38b4",
        "document": "삼성전자-많은 것을 증명해야 하는 2024년  2023년 삼성전자의 DS 부문 실적은 실망과 충격 그 자체  첫째, 여전히 더디게 진행 중인 과도한 재고를 해결해야 하며, 둘째, 논란이 컸던 DDR5와 HBM의 경쟁력을 증명해야 함",
        "label": "BUY"
    },
    {
        "id": "2023/11/28_005380_9982",
        "document": "HyundaiMtr-Sector-wide risk presents an opportunity  2024 sales volume likely to rise 3% YoY  Short-term EV sales target may be adjusted  Risk for sector, but opportunity for solid companies",
        "label": "BUY"
    },
    {
        "id": "2023/11/28_005380_d6a7",
        "document": "현대차-당신의 쉼표는 나에겐 느낌표  2024년, 판매대수 yoy +3% 증가 전망  전기차(EV) 판매, 단기 목표 수정될 수 있어  산업에게는 위기일 수 있으나 기업에게는 기회일 수 있어",
        "label": "BUY"
    },
    {
        "id": "2023/11/28_009830_0cf5",
        "document": "한화솔루션-이젠 실적으로 보여줄 차례  2024년, 미국 시장에 대한 선제적 투자의 결실을 맺는 시기  투자의견 Buy, 목표주가 41,000원 유지",
        "label": "BUY"
    },
    {
        "id": "2023/11/28_000270_f793",
        "document": "KIA CORP.-To attract ‘early majority’ with new EVs  Sales volume in 2024 to grow 3% YoY  EV sales in 2023 likely to miss target  To release EVs that can attract early majority",
        "label": "BUY"
    },
    {
        "id": "2023/11/28_000270_2875",
        "document": "기아-바뀌는 고객군을 위한 EV가 온다  2024년, 판매대수 yoy +3% 증가 전망  2023년 전기차(EV) 판매, 목표치에는 미치지 못할 듯  Early Majority에게 어필할 수 있는 EV 출시 예정",
        "label": "BUY"
    },
    {
        "id": "2023/11/28_001040_9648",
        "document": "CJ-투자 심리가 추가적으로 악화되기는 어려울 것  시장의 관심은 공정위의 CJ올리브영에 대한 과징금 부과 여부와 규모  과징금이 부과된다고 하더라도 CJ의 배당 지급액에 미치는 영향은 미미할 것  BUY 투자의견과 목표주가 123,000원 유지",
        "label": "BUY"
    },
    {
        "id": "2023/11/28_005300_dc0d",
        "document": "롯데칠성-모멘텀 부자  2024년 롯데칠성 매출액 4조 1,286억원(+26.7%yoy), 영업이익 2,915억원(+25%yoy, OPM 7.1%) 전망  투자의견 BUY, 목표주가 200,000원 유지  2024년 롯데칠성 1) 필리핀 법인 연결실적 편입 2) 주류 가동률 개선에 의한 고정비 레버리지 효과 가시화 전망",
        "label": "BUY"
    },
    {
        "id": "2023/11/28_002790_a62d",
        "document": "아모레G-AP 개선 주효  아모레퍼시픽 실적 개선 효과 기대  실적도 주가도 아모레퍼시픽과 동행 관계 강화",
        "label": "BUY"
    },
    {
        "id": "2023/11/27_000880_2c44",
        "document": "한화-사업구조 개편 마무리, 자체사업에 주목  투자의견 BUY, 목표주가 31,000원으로 커버리지 개시  2024년 자체사업 내 글로벌과 건설부문에 주목",
        "label": "BUY"
    },
    {
        "id": "2023/11/27_000210_4e2a",
        "document": "DL-4Q 이후 실적 반등을 고려할 필요가 있다  고부가 제품 비중 확대로 인한 내년 실적 반등 예상   Kraton, 부타디엔 역래깅 효과 제거 전망",
        "label": "BUY"
    },
    {
        "id": "2023/11/27_003230_500e",
        "document": "삼양식품-음식료의 성장주  2024E 매출액 +16%, 영업이익 +17%(OPM 13%) 전망  Investment Point: 해외 성장 지속 & GPM 개선 & CAPA 증설  투자의견 Buy 유지, 목표주가 270,000원으로 상향",
        "label": "BUY"
    },
    {
        "id": "2023/11/27_005930_776d",
        "document": "삼성전자-돋보이는 밸류에이션 매력  DRAM 업황 방향성 감안하면 아쉬운 주가 움직임  든든한 현금을 기반으로 인프라 및 차세대 투자 진행  비메모리 사업은 히든 카드",
        "label": "BUY"
    },
    {
        "id": "2023/11/27_005930_a969",
        "document": "삼성전자-당분간 주가 상승은 기대하기 어려우나 상대적 안정성은 높을 듯  4Q23 매출과 영업이익을 QoQ 5%, 63% 증가하는 71.0조원과 4.0조원으로 전망  DRAM, NAND 부문의 출하량 증가와 ASP 상승에 따라 4Q23 반도체 부문 영업적자가 전분기의 3.8조원에서 1.7조원으로 축소되고 DRAM 부문은 흑자 전환될 듯  4Q23 중에 예상되는 경기선행지수들의 하락 전환, 반도체 업체들의 1H24 감산 원복 가능성을 감안 시 동사 주가의 이번 상승 싸이클은 1년에 그칠 가능성이 높은 것으로 판단됨",
        "label": "BUY"
    },
    {
        "id": "2023/11/27_000270_929b",
        "document": "기아-24년 EV 라인업 확장, PBV 공장 가시화  4분기도 견조한 실적 기대  24년 EV3, EV4 등 시의적절한 전기차 모델 라인업 확장",
        "label": "BUY"
    },
    {
        "id": "2023/11/27_000270_7cda",
        "document": "기아-ADAS로 인한 가격 인상 효과는 믹스 향상 효과의 2배  모델 노후화, 미국 인센티브 증가에도 글로벌 ASP 상승  매월 1조원씩 쌓이는 현금, 추가 주주환원 정책 기대",
        "label": "BUY"
    },
    {
        "id": "2023/11/27_001040_da88",
        "document": "CJ-올리브영 IPO는 사실상 철회  그룹 전반적인 체질 개선 시작의 모습  올리브영 실적 호조 지속 / 푸드빌에서도 Good News  CJ , 7년간의 주가 부진에서 벗어날 수 있는 기회",
        "label": "BUY"
    },
    {
        "id": "2023/11/27_001040_a71d",
        "document": "CJ-꺾이지 않는 성장  투자의견 BUY, 목표주가 130,000원으로 커버리지 개시  CJ올리브영: 성장의 한계가 없다  2024년 실적 회복 전망",
        "label": "BUY"
    },
    {
        "id": "2023/11/27_000080_976b",
        "document": "하이트진로-완연한 턴어라운드  2024E 매출액 +6%, 영업이익 +51%(OPM 7%) 전망  Investment Point: 수익성 회복 & 영업이익 턴어라운드  투자의견 Buy, 목표주가 28,000원 유지",
        "label": "BUY"
    },
    {
        "id": "2023/11/27_003090_5d8d",
        "document": "대웅-대웅바이오를 봐요  자회사 대웅제약과 대웅바이오 호실적 지속 중  콜린알포 급여 축소 우려에도 견조한 매출 달성 기대  건기식 신사업 및 바이오 의약품 CDMO 진출하는 대웅바이오 사업 가치 주목",
        "label": "BUY"
    },
    {
        "id": "2023/11/27_005300_f2e7",
        "document": "롯데칠성-KRUSH 3연타 가보자고  2024E 매출액 +28%, 영업이익 +31%(OPM 7%) 전망  Investment Point: 클라우드 크러시 출시 & 펩시필리핀 편입  투자의견 Buy 유지, 목표주가 220,000원으로 상향",
        "label": "BUY"
    },
    {
        "id": "2023/11/27_003550_3f75",
        "document": "LG-전향적인 주주환원 정책 기대  가족 간 소송 분쟁 과정에서 실체스터 3대 주주 등극  적극적인 주주 환원 정책 기대  그룹의 시가총액 전체가 크게 저평가 받는 중",
        "label": "BUY"
    },
    {
        "id": "2023/11/27_003550_1938",
        "document": "LG Corp.-Soon to be re-rated  Initiate coverage at BUY and target price of W120,000  Consolidated sales and OP to post double-digit growth in 2024  Solid grounds for re-rating",
        "label": "BUY"
    },
    {
        "id": "2023/11/27_003550_bacb",
        "document": "LG-재평가의 시간이 오고 있다  투자의견 BUY, 목표주가 120,000원으로 커버리지 개시  2024년 연결 매출액 및 영업이익 두 자릿수 성장 전망  확실한 리레이팅 요소 보유",
        "label": "BUY"
    },
    {
        "id": "2023/11/27_001530_dbff",
        "document": "DI동일-주주 친화적으로 전환한 배터리 소재업체  자사주 소각 발표  대규모 알루미늄박 증설 투자 진행",
        "label": "BUY"
    }
]