[
    {
        "id": "2023/11/24_307950_2e70",
        "document": "현대오토에버-이제 막 시작  장기적 관점 투자 매력적  SI 업체로서 높은 밸류에이션은 가이던스에 따른 성장만으로도 충분히 정당화되며 보수적인 가이던스 제시 경향 고려 시 가이던스 상향도 기대 가능  다만 그 가능성을 실적으로 확인하는 시점은 2H24로 전망",
        "label": "BUY"
    },
    {
        "id": "2023/11/24_271940_0c68",
        "document": "일진하이솔루스-상용 시장 확대 준비 착착  수소연료전지차 판매 둔화에 따른 영향  상용 차량 증가 수혜 본격화",
        "label": "BUY"
    },
    {
        "id": "2023/11/24_263750_861a",
        "document": "펄어비스-진실된 퍼즐이 맞춰질 필요  게임 업종 Top pick 유지  매니지먼트의 투자자들에게 대한 케어가 요구",
        "label": "BUY"
    },
    {
        "id": "2023/11/24_251270_1ab0",
        "document": "넷마블-이 중에 취향인 게임 한 개쯤은 있겠지  2024년 신작 최소 9종 예정  명작 IP 활용의 좋은예",
        "label": "BUY"
    },
    {
        "id": "2023/11/24_207940_30be",
        "document": "삼성바이오로직스-ADC 생산 기술력 확보는 필수적  ADC 신공정 건설계획에 따라 2024 년 상업생산 들어간다, 글로벌 ADC 수요 대응  론자, 우시, 롯데바이오로직스도 마찬가지로 ADC 사업 본격화, 글로벌 선두 기업들의 미래 방향",
        "label": "BUY"
    },
    {
        "id": "2023/11/24_196170_e106",
        "document": "알테오젠-피하주사 나비효과  유럽서 피하주사 변경 시 환자, 의료진, 보험사의 시간적, 비용적 절감 -60% 이상 실사례 확인  면역항암제 ADC 병용은 효과는 높으나 ADC 부작용 여전히 높지만 SC 적용 시 극복 가능할 것  키트루다를 포함한 TOP3 면역항암제 SC 전환이 불러올 나비효과, ADC SC",
        "label": "BUY"
    },
    {
        "id": "2023/11/24_079550_24d1",
        "document": "LIG넥스원-10년 전 과거에서 찾은 힌트  ‘14년과 유사하게 유럽-중동-동남아 순으로 대립 점화 중. 단기/중장기 미사일 수출사업 확대 예상  ‘24년 사우디 천궁-II에 이어 말레이시아, 루마니아 수출 및 비궁 미국 방산시장 진출 기대  개발사업 비중 증가",
        "label": "BUY"
    },
    {
        "id": "2023/11/24_064350_d088",
        "document": "현대로템-더 이상 나빠질 게 없다  ‘24~‘25년 폴란드 1차 사업 K2PL 전차 납품 본격화로 방산 부문 고성장 전망  폴란드 2차 사업 최종계약 시 ‘27년까지 증익 명확해지며 중장기 모멘텀이 될 것으로 예상  폴란드 2차 계약 지연 또는 규모 축소",
        "label": "BUY"
    },
    {
        "id": "2023/11/24_128940_0ddd",
        "document": "HanmiPharm-Rolling out a new obesity pipeline  A new obesity pipeline at the center of mid/long-term strategy  Clinical data for MASH pipeline to be announced in 2024  TP slightly lowered to KRW400,000, hopes for GLP-1 CMO deals",
        "label": "BUY"
    },
    {
        "id": "2023/11/24_128940_620f",
        "document": "한미약품-비만에 진심인 편  회사의 중장기 방향성은 비만 전주기 맞춤형 포트폴리오 구축   24년 MASH(이전 NASH) 파이프라인 임상 데이터 발표 전망   목표주가 소폭 하향(기존 41.5만원). GLP-1 CMO 가능성 기대",
        "label": "BUY"
    },
    {
        "id": "2023/11/24_047810_0e6d",
        "document": "한국항공우주-결실을 맺을 2024년  ‘24~‘25년 해외 수주 모멘텀 다수 포진. FA-50 우즈벡, 필리핀 등 추가 수주계약 기대  남중국해 재점화 조짐. 중동/동남아 군비증강으로 고정익/회전익 수출 가능성 확대 전망  기체부품 사업부 실적 부진",
        "label": "BUY"
    },
    {
        "id": "2023/11/24_091990_428d",
        "document": "Celltrion Healthcare-A beautiful farewell  3Q23 review: Weak 1H, strong 2H earnings confirmed  Switch to direct sales humming along  Retain BUY rating and target price of KRW90,000",
        "label": "BUY"
    },
    {
        "id": "2023/11/24_091990_9f47",
        "document": "셀트리온헬스케어-아름다운 이별  3Q23 Re; 상저하고 흐름 증명   직판 체제로의 전환을 위한 준비는 순조롭게 진행 중   목표주가 유지. 아름다운 이별의 시간을 맞이할 때",
        "label": "BUY"
    },
    {
        "id": "2023/11/24_068270_99a1",
        "document": "셀트리온-세 회사와 시너지, ADC 신약개발 집중  익수다와 레고켐바이오, 피노바이오, 3 개 회사와 ADC 파이프라인 개발 중  피노바이오와 기술이전 계약을 살펴보면 ADC 기술에 대한 다양한 투자 진행 중",
        "label": "BUY"
    },
    {
        "id": "2023/11/24_060720_caaf",
        "document": "KH바텍-폴더블 힌지, 매출 다변화가 필요  3Q23 폴더블 판매량 부진 아쉬움, 판가 상승 효과로 만회  폴더블 힌지, 매출 다변화가 필요  티타늄, 힌지 사업 리스크를 방어할 동아줄",
        "label": "BUY"
    },
    {
        "id": "2023/11/24_053700_57f2",
        "document": "삼보모터스-전기차용 부품군으로 확장  2023년 실적호조 달성  2024년부터 전기차용 부품의 공급 시작  전환사채 희석을 감안한 P/E 5배 초반",
        "label": "NOT RATED"
    },
    {
        "id": "2023/11/24_053210_a3c9",
        "document": "스카이라이프-상철아, 여 접시 아이고 콘텐츠다 ~  과거 유료 방송 사업자에서 이제는 콘텐츠 회사로  4Q23에는 비용 털고 간다  투자의견 BUY, TP 7,500원으로 커버리지 개시",
        "label": "BUY"
    },
    {
        "id": "2023/11/24_016250_d456",
        "document": "SGC이테크건설-수주잔고 소진으로 성장모멘텀 약화  3분기 실적: 플랜트 공정 가속화로 매출 급증, 하지만 원가부담은 여전   공정 진행속도를 못 따라가는 신규수주→ 당분간 역성장 불가피할 듯   투자의견 보유로 하향, 목표주가는 22,000원 제시",
        "label": "HOLD"
    },
    {
        "id": "2023/11/24_036460_45c7",
        "document": "한국가스공사-에너지 가격 안정화가 긍정적  3Q23 실적은 재무구조 악화 및 1회성 요인으로 세전이익 부진  계절적 Spot 가스 가격 변동성 높을 수 있지만, 유가에 연동하는 가스 가격은 1H24까지 하락  미수금 증가 속도 정점을 지나고 있다는 판단. 재무구조 악화는 점점 완화될 것",
        "label": "BUY"
    },
    {
        "id": "2023/11/24_012330_d49e",
        "document": "현대모비스-우려보다 기대가 더 크다  1) 물류비, 2) 논캡티브 수주, 3) 셀 가격 하락, 4) 주주환원정책 긍정적  BEV 수요 우려 지속되고 있으나, xEV 믹스 감안 시 영향 제한적  4Q23 수익성 견조한 가운데, 일회성 인건비 약 750억 반영 예정",
        "label": "BUY"
    },
    {
        "id": "2023/11/24_006280_52bf",
        "document": "GC Corp-IVIG-SN 10% to be approved soon  US approval of IVIG-SN 10%  Some concerns exist but nothing big  Maintain BUY and raise target to KRW140,000",
        "label": "BUY"
    },
    {
        "id": "2023/11/24_006280_cca6",
        "document": "녹십자-IVIG-SN 10% 승인 임박  IVIG-SN 10%의 미국 허가가 의미하는 것  약간의 우려는 있으나 극복 가능",
        "label": "BUY"
    },
    {
        "id": "2023/11/24_005850_7aa2",
        "document": "SLCORP-2024 outlook: Joining the SDV wave  Orders ballooning  3Q results confirm earnings stability",
        "label": "BUY"
    },
    {
        "id": "2023/11/24_005850_8180",
        "document": "에스엘-2024년 전망: LED 램프에 이어 SDV 물결에 합류하다  커지는 수주 단위  3분기에 실적 안정성 확인",
        "label": "BUY"
    },
    {
        "id": "2023/11/24_012450_05ce",
        "document": "한화에어로스페이스-아무도 막을 수 없는 성장세  ‘24~‘25년 폴란드향 K9/천무 납품 일정 집중에 따라 본격적인 증익 구간 진입 전망  루마니아 K9/레드백 수주 모멘텀 존재. 이르면 ‘23년말, 늦어도 ‘24년 상반기 사업자 선정  정밀기계 사업부 실적 부진",
        "label": "BUY"
    },
    {
        "id": "2023/11/24_001040_b3aa",
        "document": "CJ-주요 자회사들의 이익 성장세  3Q23 Review : 주요 상장 자회사 견조한 실적 개선세  멀티숍 1위 올리브영의 추세적 성장세는 지속",
        "label": "BUY"
    },
    {
        "id": "2023/11/24_000120_ddeb",
        "document": "CJ대한통운-택배 성장 추세로 복귀 전망  소비 파편화와 해외 직구의 일상화가 가져올 택배의 새로운 성장 기회  코퍼레잇데이 행사를 통해 시장의 해외 직구 물량에 대한 관심을 확인",
        "label": "BUY"
    },
    {
        "id": "2023/11/23_000100_53b3",
        "document": "유한양행-렉라자 국내 1차 급여 효과와 lazer+ami FDA 1차 허가에 주목  EGFR 비소세포폐암 1차 치료, 타그리소 독점 시장의 유일한 경쟁자, amivantamab+lazertinib MARIPOSA 데이터 기반 lazer+ami의 FDA 허가 신청, 허가 예상  FDA의 Priority Review→3Q24 허가, Standard Review→4Q24 허가 예상  Lazer+ami 의 허가 신청 지연, 상업화 지연",
        "label": "BUY"
    }
]