[
    {
        "id": "2023/11/27_001630_8cea",
        "document": "CHONGKUNDANG HOLDINGS-Solid lineup of subsidiaries  Likely to swing to operating profit in 2023  Sales of premium vitamin products rising",
        "label": "TRADING BUY"
    },
    {
        "id": "2023/11/27_002990_e81a",
        "document": "금호건설-3Q23 Reivew: 수익성 개선 필요  3Q23 Reivew  당사 추정치와 컨센서스에 못 미치는 부진한 실적",
        "label": "HOLD"
    },
    {
        "id": "2023/11/27_000880_b931",
        "document": "Hanwha-Restructuring to end; focus on own business  Initiate at BUY and target price of W31,000  In 2024, focus on global and construction among in-house businesses",
        "label": "BUY"
    },
    {
        "id": "2023/11/27_000880_8e9b",
        "document": "한화-사업구조 개편 마무리, 자체사업에 주목  투자의견 BUY, 목표주가 31,000원으로 커버리지 개시  2024년 자체사업 내 글로벌과 건설부문에 주목",
        "label": "BUY"
    },
    {
        "id": "2023/11/27_000210_d51b",
        "document": "DL-4Q 이후 실적 반등을 고려할 필요가 있다  고부가 제품 비중 확대로 인한 내년 실적 반등 예상   Kraton, 부타디엔 역래깅 효과 제거 전망",
        "label": "BUY"
    },
    {
        "id": "2023/11/27_003230_5510",
        "document": "삼양식품-음식료의 성장주  2024E 매출액 +16%, 영업이익 +17%(OPM 13%) 전망  Investment Point: 해외 성장 지속 & GPM 개선 & CAPA 증설  투자의견 Buy 유지, 목표주가 270,000원으로 상향",
        "label": "BUY"
    },
    {
        "id": "2023/11/27_005930_0fd4",
        "document": "삼성전자-돋보이는 밸류에이션 매력  DRAM 업황 방향성 감안하면 아쉬운 주가 움직임  든든한 현금을 기반으로 인프라 및 차세대 투자 진행  비메모리 사업은 히든 카드",
        "label": "BUY"
    },
    {
        "id": "2023/11/27_005930_f38c",
        "document": "삼성전자-당분간 주가 상승은 기대하기 어려우나 상대적 안정성은 높을 듯  4Q23 매출과 영업이익을 QoQ 5%, 63% 증가하는 71.0조원과 4.0조원으로 전망  DRAM, NAND 부문의 출하량 증가와 ASP 상승에 따라 4Q23 반도체 부문 영업적자가 전분기의 3.8조원에서 1.7조원으로 축소되고 DRAM 부문은 흑자 전환될 듯  4Q23 중에 예상되는 경기선행지수들의 하락 전환, 반도체 업체들의 1H24 감산 원복 가능성을 감안 시 동사 주가의 이번 상승 싸이클은 1년에 그칠 가능성이 높은 것으로 판단됨",
        "label": "BUY"
    },
    {
        "id": "2023/11/27_000270_1920",
        "document": "기아-24년 EV 라인업 확장, PBV 공장 가시화  4분기도 견조한 실적 기대  24년 EV3, EV4 등 시의적절한 전기차 모델 라인업 확장",
        "label": "BUY"
    },
    {
        "id": "2023/11/27_000270_631e",
        "document": "KIA CORP.-ADAS twice as good for profit as product-mix improvement is  Global ASP rising despite model aging, US incentive hikes  Cash growing by KRW1t a month, raising expectations of additional shareholder payouts",
        "label": "BUY"
    },
    {
        "id": "2023/11/27_000270_2a16",
        "document": "기아-ADAS로 인한 가격 인상 효과는 믹스 향상 효과의 2배  모델 노후화, 미국 인센티브 증가에도 글로벌 ASP 상승  매월 1조원씩 쌓이는 현금, 추가 주주환원 정책 기대",
        "label": "BUY"
    },
    {
        "id": "2023/11/27_001040_bb4f",
        "document": "CJ-올리브영 IPO는 사실상 철회  그룹 전반적인 체질 개선 시작의 모습  올리브영 실적 호조 지속 / 푸드빌에서도 Good News  CJ , 7년간의 주가 부진에서 벗어날 수 있는 기회",
        "label": "BUY"
    },
    {
        "id": "2023/11/27_001040_81ee",
        "document": "CJ-Relentless growth  Initiate coverage at BUY and target price of W130,000  CJ Oliveyoung: no limit to growth  Earnings to recover in 2024",
        "label": "BUY"
    },
    {
        "id": "2023/11/27_001040_0897",
        "document": "CJ-꺾이지 않는 성장  투자의견 BUY, 목표주가 130,000원으로 커버리지 개시  CJ올리브영: 성장의 한계가 없다  2024년 실적 회복 전망",
        "label": "BUY"
    },
    {
        "id": "2023/11/27_000080_3ae3",
        "document": "하이트진로-완연한 턴어라운드  2024E 매출액 +6%, 영업이익 +51%(OPM 7%) 전망  Investment Point: 수익성 회복 & 영업이익 턴어라운드  투자의견 Buy, 목표주가 28,000원 유지",
        "label": "BUY"
    },
    {
        "id": "2023/11/27_003090_a0ac",
        "document": "대웅-대웅바이오를 봐요  자회사 대웅제약과 대웅바이오 호실적 지속 중  콜린알포 급여 축소 우려에도 견조한 매출 달성 기대  건기식 신사업 및 바이오 의약품 CDMO 진출하는 대웅바이오 사업 가치 주목",
        "label": "BUY"
    },
    {
        "id": "2023/11/27_005300_ec76",
        "document": "롯데칠성-KRUSH 3연타 가보자고  2024E 매출액 +28%, 영업이익 +31%(OPM 7%) 전망  Investment Point: 클라우드 크러시 출시 & 펩시필리핀 편입  투자의견 Buy 유지, 목표주가 220,000원으로 상향",
        "label": "BUY"
    },
    {
        "id": "2023/11/27_003550_81da",
        "document": "LG-전향적인 주주환원 정책 기대  가족 간 소송 분쟁 과정에서 실체스터 3대 주주 등극  적극적인 주주 환원 정책 기대  그룹의 시가총액 전체가 크게 저평가 받는 중",
        "label": "BUY"
    },
    {
        "id": "2023/11/27_003550_baf2",
        "document": "LG Corp.-Soon to be re-rated  Initiate coverage at BUY and target price of W120,000  Consolidated sales and OP to post double-digit growth in 2024  Solid grounds for re-rating",
        "label": "BUY"
    },
    {
        "id": "2023/11/27_003550_f601",
        "document": "LG-재평가의 시간이 오고 있다  투자의견 BUY, 목표주가 120,000원으로 커버리지 개시  2024년 연결 매출액 및 영업이익 두 자릿수 성장 전망  확실한 리레이팅 요소 보유",
        "label": "BUY"
    },
    {
        "id": "2023/11/27_001530_4d1e",
        "document": "DI동일-주주 친화적으로 전환한 배터리 소재업체  자사주 소각 발표  대규모 알루미늄박 증설 투자 진행",
        "label": "BUY"
    },
    {
        "id": "2023/11/24_000120_16b1",
        "document": "CJ대한통운-택배는 여전히 기회의 시장  택배시장은 후유증 많았던 양적 성장에서 질적 성장으로 이동   서비스 차별화를 통해 네이버, 알리 등 성장 화주들을 선점   꾸준한 현금창출능력에 더해 새로운 모멘텀들이 구체화되는 시기",
        "label": "BUY"
    },
    {
        "id": "2023/11/24_012330_ef12",
        "document": "현대모비스-우려보다 기대가 더 크다  1) 물류비, 2) 논캡티브 수주, 3) 셀 가격 하락, 4) 주주환원정책 긍정적  BEV 수요 우려 지속되고 있으나, xEV 믹스 감안 시 영향 제한적  4Q23 수익성 견조한 가운데, 일회성 인건비 약 750억 반영 예정",
        "label": "BUY"
    },
    {
        "id": "2023/11/24_006280_6816",
        "document": "GC Corp-IVIG-SN 10% to be approved soon  US approval of IVIG-SN 10%  Some concerns exist but nothing big  Maintain BUY and raise target to KRW140,000",
        "label": "BUY"
    },
    {
        "id": "2023/11/24_006280_5e70",
        "document": "녹십자-IVIG-SN 10% 승인 임박  IVIG-SN 10%의 미국 허가가 의미하는 것  약간의 우려는 있으나 극복 가능",
        "label": "BUY"
    },
    {
        "id": "2023/11/24_005850_b690",
        "document": "SLCORP-2024 outlook: Joining the SDV wave  Orders ballooning  3Q results confirm earnings stability",
        "label": "BUY"
    },
    {
        "id": "2023/11/24_005850_58ae",
        "document": "에스엘-2024년 전망: LED 램프에 이어 SDV 물결에 합류하다  커지는 수주 단위  3분기에 실적 안정성 확인",
        "label": "BUY"
    },
    {
        "id": "2023/11/24_012450_d8ed",
        "document": "한화에어로스페이스-아무도 막을 수 없는 성장세  ‘24~‘25년 폴란드향 K9/천무 납품 일정 집중에 따라 본격적인 증익 구간 진입 전망  루마니아 K9/레드백 수주 모멘텀 존재. 이르면 ‘23년말, 늦어도 ‘24년 상반기 사업자 선정  정밀기계 사업부 실적 부진",
        "label": "BUY"
    },
    {
        "id": "2023/11/24_001040_9d46",
        "document": "CJ-주요 자회사들의 이익 성장세  3Q23 Review : 주요 상장 자회사 견조한 실적 개선세  멀티숍 1위 올리브영의 추세적 성장세는 지속",
        "label": "BUY"
    },
    {
        "id": "2023/11/24_000120_005f",
        "document": "CJ대한통운-택배 성장 추세로 복귀 전망  소비 파편화와 해외 직구의 일상화가 가져올 택배의 새로운 성장 기회  코퍼레잇데이 행사를 통해 시장의 해외 직구 물량에 대한 관심을 확인",
        "label": "BUY"
    }
]