[
    {
        "id": "2023/11/22_217330_63df",
        "document": "싸이토젠-CTC 기반 액체생검의 강자  순환종양세포(CTC) 분리 검출 기술 기반 바이오테크  2024년은 매출 발생의 원년, 독보적인 기술력 기반 파트너쉽 다수",
        "label": "NOT RATED"
    },
    {
        "id": "2023/11/22_214320_7900",
        "document": "이노션-실적 추이 및 전망  Investment Point: 1) 캡티브 중심 안정적 성장 지속, 2) M&A 가시화되며 디지털 역량 내재화  1) 계열 중심 대행 증가 및 신차 모멘텀 이어지며 본사, 해외 모두 캡티브 중심의 외형 성장 기대  2) 2023년 다양한 디지털 관련 기업들 순차적으로 인수하며 디지털 역량 내재화하고 있으며 그 효과는 내년부터 본격화되며 연결 실적에 유의미한 기여할 것으로 전망. 다양한 분야로의 크고 작은 투자 성과 이어지며 구조적으로 체질 개선하는 점 긍정적",
        "label": "BUY"
    },
    {
        "id": "2023/11/22_218410_b6f7",
        "document": "RFHIC-예상외로 4분기 실적은 좋을 것 같습니다  매수/목표가 4만원 유지, 이벤트 발생 시점 예측하면 지금이 매수 적기라 판단  2023년 4분기 실적 우려보다 양호할 듯, 방산 부문이 효자 역할 수행할 전망  5G Advanced 상용화 이슈화될 때 발표 실적 좋아 주가 상승 기대감 커질 듯",
        "label": "BUY"
    },
    {
        "id": "2023/11/22_229000_90d3",
        "document": "젠큐릭스-정밀의료 암진단의 숨겨진 강자  PCR 기반 정밀의료 암 진단 전 주기 포트폴리오 보유  24년은 유방암 예측검사(진스웰 BCT) 매출 본격화 원년  암 진단 관련 다양한 포트폴리오 확보: 동반진단, 조기진단 시장 진출",
        "label": "NOT RATED"
    },
    {
        "id": "2023/11/22_236810_05e2",
        "document": "엔비티-경기 침체에도 독보적인 성장, 글로벌 진출 본격화  대부분의 광고 기업들 실적 역성장한 반면, 엔비티는 창립 사상 최대 실적  네이버웹툰 북미에 이어 인도네시아, 태국, 대만까지 단독으로 서비스 개시  내년부터 매우 가파른 성장 예상, 지금부터 주목이 필요한 시점",
        "label": "NOT RATED"
    },
    {
        "id": "2023/11/22_195940_e7c3",
        "document": "HK이노엔-호재로 가득할 2024년  2024년 전망 및 핵심 투자 포인트 정리. 차선호주로 제시  케이캡의 중국 로열티 및 수출 매출 성장 이어지고, 국내 파트너사와의 신규 판매 계약에 따른 수익성 개선 예상  2024년 매출액 9,299억원(+11.6% YoY), 영업이익 964억원 (+45.3% YoY; OPM 10.4%)으로 추정",
        "label": "BUY"
    },
    {
        "id": "2023/11/22_237690_4ed3",
        "document": "에스티팜-상업화 원료 2개에서 최대 5개로  차곡차곡 상용화 제품 쌓여간다  제품 믹스 개선 기대",
        "label": "BUY"
    },
    {
        "id": "2023/11/22_237880_5f46",
        "document": "클리오-미라CLIO  최근 뷰티 트렌드(인디브랜드 수요↑+ 非중국향 글로벌 저변 확대) 스토리에 가장 적합한 업체  국내 H&B, 온라인향 수요 및 글로벌 포트폴리오 다변화하며 고성장 지속, 이에 따른 영업 레버리지 효과 가시화될 것",
        "label": "BUY"
    },
    {
        "id": "2023/11/22_207940_4b87",
        "document": "삼성바이오로직스-명확해진 실적 방향성  2024년 전망 및 핵심 투자 포인트 정리  CMO 경쟁사들 가이던스와는 상반되게 동사는 견조한 실적 성장 보여주고 있음  2024년 매출액 4조 2,104억원(+14.5% YoY), 영업이익 1조 1,962억원(+9.6% YoY; OPM 28.4%) 기록 예상",
        "label": "BUY"
    },
    {
        "id": "2023/11/22_251270_3223",
        "document": "넷마블-수익성 개선이 숙제  2024년 매출액 2조 5,967억원(+4.6%yoy), 영업이익 215억원(흑자전환yoy) 전망  동사는 흥행 신작 부재와 인건비, 감가상각비 등의 고정비 증가로 1분기 이후 7개 분기 연속 적자 기록  다만 큰 폭의 영업이익 흑자를 전망하기엔 아직 이른 단계라고 판단됨. 투자의견 HOLD 하향조정 및 목표주가 47,000원 유지",
        "label": "HOLD"
    },
    {
        "id": "2023/11/22_259960_e6fd",
        "document": "크래프톤-실적과 신작을 모두 갖췄다  2024년 매출액 1조 9,137억원(+5.8%yoy), 영업이익 6,677억원(-4.3%yoy) 전망  악재로 작용했던 BGMI의 서비스 중단과 글로벌 펍지모바일의 부진, 그리고 신작 부재가 점진적으로 해소되는 중  신작 라인업 확보 및 기존 게임들의 안정적인 매출 기대로 크래프톤을 게임 업종 내 최선호주로 추천",
        "label": "BUY"
    },
    {
        "id": "2023/11/22_263750_42a1",
        "document": "펄어비스-구슬이 서 말이라도 꿰어야 보배  2024년 매출액 5,227억원(+54.2%yoy), 영업이익 1,010억원(흑자전환yoy) 전망  검은사막 유저트래픽 유지를 위해 글로벌 행사를 비롯한 많은 노력이 있었지만 장기화된 IP로 인한 매출 자연 감소는 불가피. 신작 출시의 필요성이 커지고 있음  투자의견 HOLD 및 목표주가 42,000원 하향조정",
        "label": "HOLD"
    },
    {
        "id": "2023/11/22_253450_4059",
        "document": "스튜디오드래곤-실적 추이 및 전망  Investment Point: 1) OTT향 선판매 및 오리지널 리쿱율 상향, 2) 꾸준한 미국 시장 성과  1) 내년 1월부터 넷플릭스 오리지널 작품의 리쿱율 상향되며 작품당 마진 개선될 것으로 전망. 편성 축소에도 오리지널 및 선판매 작품의 리쿱율 상향으로 이익 단에서의 성장세 지속될 것으로 기대하며, 지역별 판매를 통해 견조한 수익성 시현 기대  2) 미국향 기획개발 IP 다수 보유하고 있으며, ‘The Big Door Prize S2’ 딜리버리 이후 매년 꾸준히 1편 이상의 시리즈 오더 받는 점 긍정적. 미국 시장에서의 성과 지속되는 점 주목할 만하며, 시작은 오리지널이지만 향후 자체 IP를 활용한 드라마 제작 기대",
        "label": "BUY"
    },
    {
        "id": "2023/11/22_271560_d770",
        "document": "오리온-앞으로 시작될 조삼모사에 일희일비 금지  탑라인 부진에도 아홉 달 연속 증익 흐름   레버리지 효과로 높은 기저를 뚫는다   점유율 상승, 카테고리 및 지역 확장 가시화가 Key",
        "label": "BUY"
    },
    {
        "id": "2023/11/22_271560_ab07",
        "document": "Orion-Look to the forest, beyond the trees  Profit growth continues for the ninth month despite weak top line  Strong operating leverage offsets high base effect  Market share gains and category/regional expansion hold the key",
        "label": "BUY"
    },
    {
        "id": "2023/11/22_271560_6d13",
        "document": "오리온-단기 실적 둔화 구간이나, 24년 성장에 대한 기대감 유지  오리온 10월 4개 법인 합산 매출액은 -3% y-y로 감소하고, 영업이익은 1% y-y 증가  비용 절감 노력이 지속되었음에도 불구, 환율 부담과, 명절 시점 차이로 인한 해외 매출액 감소로, 영업이익 성장이 다소 제한적이었음  4분기 단기 실적 둔화는 불가피할 것으로 예상되나, 환율과 같은 일회성 요인들이 제거될 24년 실적 개선에 대한 기대감은 유지",
        "label": "BUY"
    },
    {
        "id": "2023/11/22_271560_346b",
        "document": "Orion-Earnings growth temporarily slowing; 2024 optimism valid  Preliminary October results-entering near-term earnings slowdown phase  Domestic (38% of total sales)-sales growth stellar once again  Overseas-results weak on negative forex and Lunar New Year effects",
        "label": "BUY"
    },
    {
        "id": "2023/11/22_271560_9f48",
        "document": "오리온-2024 Outlook  2024 Outlook   투자의견 BUY, 목표주가 180,000원 유지",
        "label": "BUY"
    },
    {
        "id": "2023/11/22_289220_e625",
        "document": "자이언트스텝-B2C 모델로의 전환과 내년 턴어라운드  수주 기반 탈피해 B2C모델 본격화, 내년 턴어라운드   단기 성장: 미디어 아트 전시 사업 통한 티켓매출 발생   장기 성장: 버추얼 휴먼, 소셜네트워크게임도 내년 공개",
        "label": "NOT RATED"
    },
    {
        "id": "2023/11/22_293490_271a",
        "document": "카카오게임즈-오딘만 살아남았다  2024년 매출액 1조 1,480억원(+13.4%yoy), 영업이익 1,279억원(+110%yoy) 전망  올해 매분기 출시된 ‘에버소울’, ‘아키에이지 워’, ‘아레스’는 출시 초기 양호환 매출 흐름을 보였지만, 잇따른 경쟁작 출시와 부정적인 국내 모바일 게임 시장 환경으로 짧은 게임수명을 보이며 빠르게 매출이 하락함  장르 및 플랫폼의 다각화와 글로벌 지역으로의 매출 확대를 장기 목표로 설정했지만, 본격적인 체질 변화까지는 시간이 다소 걸릴 것으로 전망. 투자의견 HOLD 및 목표가 24,000원 유지",
        "label": "HOLD"
    },
    {
        "id": "2023/11/22_298380_af3c",
        "document": "에이비엘바이오-확인될 BBB 플랫폼의 필요성  기업 현황 업데이트. 관심종목으로 제시  항암제부터 뇌질환 파이프라인을 확보한 이중항체 전문 기업. 임상 성과에 따라 추가 L/O 기대  에이비엘바이오는 이중항체 플랫폼 Grabody를 기반으로 면역항암제와 퇴행성뇌질환 등 다양한 치료제 개발 중",
        "label": "NOT RATED"
    },
    {
        "id": "2023/11/22_248070_7821",
        "document": "솔루엠-24년에도 꺾이지 않는 성장  23년 영업이익 1,582억원(YoY 109%) 전망   24년, ESL 성장 지속 & 파워모듈 적용처 확대 본격화",
        "label": "BUY"
    },
    {
        "id": "2023/11/22_319660_5bbf",
        "document": "피에스케이-시황은 여전히 불투명하지만, 내년 신장비 모멘텀 기대  상반기 이연된 매출 인식 영향, 하반기 개선된 실적 흐름   고객 설비투자 전망은 여전히 불투명하나, 내년 신장비 모멘텀 기대   긴 호흡에서 접근, 투자의견 ‘매수’ 및 목표주가 24,000원 유지",
        "label": "BUY"
    },
    {
        "id": "2023/11/22_338220_4199",
        "document": "뷰노-무럭무럭 잘 자라고 있는 Deep CARS  매출액 전년대비 328% 상승, 영업적자 지속  12개월 선행 P/S 23배로 동사의 지난 2년 평균(14배)및 글로벌 Peer(6배) 대비 고평가 상태",
        "label": "NOT RATED"
    },
    {
        "id": "2023/11/22_323410_5464",
        "document": "카카오뱅크-현존하는 은행 중 영업을 가장 잘하는 은행  여/수신, 대주주, 중저신용자 대출 대한 질문 가장 많았음  압도적인 저원가성 수신 기반 NIM과 여신성장에서 경쟁력 부각  연말 정부 주도 주담대/전월대 플랫폼 출시도 동사에게 기회",
        "label": "BUY"
    },
    {
        "id": "2023/11/22_352820_8bd5",
        "document": "하이브-실적 추이 및 전망  Investment Point: 1) 소속 아티스트 IP의 높은 성장성, 2) 미국 시장 성과(현지 레이블, 현지 걸그룹 데뷔), 3) 위버스 구독 서비스 본격화  1) 세븐틴, TXT, 르세라핌, 뉴진스 등 소속 아티스트 모두 폭발적인 성장 이어지며 본업 고성장 지속. 음반원과 더불어 공연에서의 모객 확대 기대되며 내년 6월 진 컴백을 시작으로 방탄소년단 부분적으로 활동 재개 기대  2) 인수한 미국 레이블들의 활동 본격적으로 시작되며 연결 실적 기여할 것으로 전망하며, 미국 현지 걸그룹 데뷔로 미국 시장 수익화 기대",
        "label": "BUY"
    },
    {
        "id": "2023/11/22_354200_bc74",
        "document": "엔젠바이오-NGS 기술력 기반 성장 기대감 지속  NGS를 이용한 거의 모든 진단 분야에 대한 플랫폼 확보  NGS 암 진단 관련 국내 경쟁력에도 불구하고 낮은 밸류  해외 진출이 Key Point, 미국은 클리아랩 인수를 통해 진행",
        "label": "NOT RATED"
    },
    {
        "id": "2023/11/22_370090_853e",
        "document": "퓨런티어-N년보다 (N+1)년  3Q23 별도 기준 실적은 매출액 108억원(+1.53%, YoY), 영업이익 15.2억원(흑자전환, YoY)을 기록  나무를 보지 말고 숲을 봐야 할 때  연간실적전망 올해보단 내년, 내년보단 후년",
        "label": "NOT RATED"
    },
    {
        "id": "2023/11/22_399720_229b",
        "document": "가온칩스-NRE → Turn-Key  삼성파운드리 디자인솔루션 파트너  양산 매출 증가에 따른 가파른 외형성장 기대",
        "label": "NOT RATED"
    },
    {
        "id": "2023/11/22_141080_d3d7",
        "document": "레고켐바이오-웃돈주고 사가는 ADC  거래에서 나타나는 빅파마의 관심 증가  TROP2 L/O, HER ADC 데이터 기대",
        "label": "NOT RATED"
    }
]