[
    {
        "id": "2023/11/23_015760_4d2e",
        "document": "한국전력-이래봬도 유틸리티 대장주야  무조건 살려야만 한다  2023년 손실 폭 잡고, 2024년부터 흑자전환 기대  투자의견 매수, 목표주가 27,000원 유지",
        "label": "BUY"
    },
    {
        "id": "2023/11/23_005850_763d",
        "document": "에스엘-수주 안정성과 실적  역대급 수주 실적  고가 라인업 확대 수혜  2024년 실적 전망",
        "label": "BUY"
    },
    {
        "id": "2023/11/23_011780_183c",
        "document": "금호석유-기업의 튼튼한 체력이 부각되는 시점  튼튼한 재무구조(순현금 비율 4.8%)  팬더믹 이후 안정적으로 흑자 유지하며 기업의 높은 체력 입증  합성고무의 전방산업 수요 약세가 지속되며 제품 스프레드 개선은 어려울 전망",
        "label": "TRADING BUY"
    },
    {
        "id": "2023/11/23_010950_c652",
        "document": "S-Oil-실적 안정화 전망  전쟁 영향 점차 사라지며 실적 안정화 예상  12MF PBR 0.81배. 역사적 저평가 구간  화학 시황의 개선 속도 둔화",
        "label": "BUY"
    },
    {
        "id": "2023/11/23_010060_fbed",
        "document": "OCI홀딩스-튼튼한 기업 펀더멘탈에 실적 개선 추가요!  비중국 폴리실리콘 물량 확대로 평균 단가 개선  말레이시아 낮은 전력 가격으로 저렴한 비용  태양광 산업 반등의 지연",
        "label": "BUY"
    },
    {
        "id": "2023/11/23_000720_4a68",
        "document": "현대건설-업종 반등 포인트를 두루 갖췄다  괄목할만한 해외 수주  2024년, 이익 개선 흐름은 지속될 전망  2024년, 건설업종 최선호주 의견 제시",
        "label": "BUY"
    },
    {
        "id": "2023/11/23_006360_9468",
        "document": "GS건설-악재를 딛고 점진적 개선 전망  주택 둔화 우려에 더해진 인천 사고 여파  2024년, 신사업 변화는 지속  투자의견 매수, 목표주가 23,000원으로 신규 커버리지 개시",
        "label": "BUY"
    },
    {
        "id": "2023/11/23_006400_3891",
        "document": "삼성SDI-잘 아시다시피 안정적입니다  중대형 및 원통 전지의 성장으로 기업 체질 변화 중  전기차 시장의 핵심 트렌드의 수혜, 1)EV용 원통형 도입 확대  2) 해외 현지 거점 중심의 공급망 전략으로 주요 고객사 확보 완료",
        "label": "BUY"
    },
    {
        "id": "2023/11/23_009150_967d",
        "document": "삼성전기-중국 스마트폰과 On-Device AI 수혜  Android 개선 최대 수혜, 중장기 On-Device AI 수혜 가능  업황 개선에도 재고는 여전히 낮은 수준",
        "label": "BUY"
    },
    {
        "id": "2023/11/23_004370_f179",
        "document": "농심-믿고 먹는 농심  인내심을 가지고 지켜보면  현지화 전략은 새로운 성장 동력이 될까  미국 3공장을 증설을 기다리며",
        "label": "BUY"
    },
    {
        "id": "2023/11/23_000990_f016",
        "document": "DB하이텍-견조한 수익성 유지  24년 매출액 +14.2%, 영업이익 +47.4% YoY",
        "label": "HOLD"
    },
    {
        "id": "2023/11/23_005930_b51b",
        "document": "삼성전자-24년 기지개를 켤 때  개선되는 업황과 맞물리는 HBM 출하 본격화  돌아올 수요 기다리기",
        "label": "BUY"
    },
    {
        "id": "2023/11/23_003410_2b4e",
        "document": "쌍용C&E-환경 비즈니스 강화  시멘트 업계 선두 업체  환경 사업 강화, 추가적인 시멘트 판가 인상 논리는 약화  투자의견 Trading Buy, 목표주가 6,600원으로 신규 커버리지 개시",
        "label": "TRADING BUY"
    },
    {
        "id": "2023/11/23_005380_c371",
        "document": "현대차-NDR 후기: 편안한 한치 앞  4Q23 실적 변수(물량/환율/Mix 등) 고려 시, 호실성 가능성 높은 상황  1) 4Q23 실적, 2) 배당, 3) 싼타페 모멘텀 감안 시, 관심 지속할 필요  1) 2Q24 이익 체력, 2) BEV 점유율, 3) HDP(자율주행) 모멘텀 주목",
        "label": "BUY"
    },
    {
        "id": "2023/11/23_005380_26e8",
        "document": "현대차-실적 지속성과 증설 모멘텀  과도한 실적 우려  ASP 상승 추세 지속  2024년 실적 전망",
        "label": "BUY"
    },
    {
        "id": "2023/11/23_009830_ded7",
        "document": "한화솔루션-그래도 걸어보는 미국 수직계열화에 대한 기대  24년 하반기 미국 최초 단결정 폴리실리콘 태양전지 수직계열화 공장(3.3GW) 준공  비중국 프리미엄 재확대  24년 미국 대선 영향으로 IRA 세액공제 축소 가능성",
        "label": "BUY"
    },
    {
        "id": "2023/11/23_000270_4763",
        "document": "기아-Valuation & Budget EV  과도한 실적 우려  낮은 Valuation  2024년 실적 전망",
        "label": "BUY"
    },
    {
        "id": "2023/11/23_000080_f30c",
        "document": "하이트진로-뿌린 씨를 거둘 때  마케팅 비용 부담 해소될 2024년  드디어 진행된 가격 인상  본격적인 해외 진출 시작",
        "label": "BUY"
    },
    {
        "id": "2023/11/23_005300_4460",
        "document": "롯데칠성-맥주까지 잘 하면 진짜 인정  이제 필리핀으로 간다  수익성 개선? 해봤는데 잘 해요  제로 탄산음료 다음 소주, 소주 다음 맥주",
        "label": "BUY"
    },
    {
        "id": "2023/11/23_000640_43f1",
        "document": "동아쏘시오홀딩스-비상장사 폼 미쳤다  다채로운 사업 분야를 확보한 국내 전통 제약지주사  2024년 비상장사 계열사에서의 이벤트 주목  목표주가 13만원으로 커버리지 개시",
        "label": "BUY"
    },
    {
        "id": "2023/11/22_003690_3dc1",
        "document": "코리안리-무상증자 반영  무상증자 20% 실시",
        "label": "BUY"
    },
    {
        "id": "2023/11/22_271560_5c20",
        "document": "Orion-Earnings growth temporarily slowing; 2024 optimism valid  Preliminary October results-entering near-term earnings slowdown phase  Domestic (38% of total sales)-sales growth stellar once again  Overseas-results weak on negative forex and Lunar New Year effects",
        "label": "BUY"
    },
    {
        "id": "2023/11/22_271560_0702",
        "document": "오리온-2024 Outlook  2024 Outlook   투자의견 BUY, 목표주가 180,000원 유지",
        "label": "BUY"
    },
    {
        "id": "2023/11/22_289220_f02d",
        "document": "자이언트스텝-B2C 모델로의 전환과 내년 턴어라운드  수주 기반 탈피해 B2C모델 본격화, 내년 턴어라운드   단기 성장: 미디어 아트 전시 사업 통한 티켓매출 발생   장기 성장: 버추얼 휴먼, 소셜네트워크게임도 내년 공개",
        "label": "NOT RATED"
    },
    {
        "id": "2023/11/22_293490_6fbe",
        "document": "카카오게임즈-오딘만 살아남았다  2024년 매출액 1조 1,480억원(+13.4%yoy), 영업이익 1,279억원(+110%yoy) 전망  올해 매분기 출시된 ‘에버소울’, ‘아키에이지 워’, ‘아레스’는 출시 초기 양호환 매출 흐름을 보였지만, 잇따른 경쟁작 출시와 부정적인 국내 모바일 게임 시장 환경으로 짧은 게임수명을 보이며 빠르게 매출이 하락함  장르 및 플랫폼의 다각화와 글로벌 지역으로의 매출 확대를 장기 목표로 설정했지만, 본격적인 체질 변화까지는 시간이 다소 걸릴 것으로 전망. 투자의견 HOLD 및 목표가 24,000원 유지",
        "label": "HOLD"
    },
    {
        "id": "2023/11/22_298380_2d38",
        "document": "에이비엘바이오-확인될 BBB 플랫폼의 필요성  기업 현황 업데이트. 관심종목으로 제시  항암제부터 뇌질환 파이프라인을 확보한 이중항체 전문 기업. 임상 성과에 따라 추가 L/O 기대  에이비엘바이오는 이중항체 플랫폼 Grabody를 기반으로 면역항암제와 퇴행성뇌질환 등 다양한 치료제 개발 중",
        "label": "NOT RATED"
    },
    {
        "id": "2023/11/22_248070_61ca",
        "document": "솔루엠-24년에도 꺾이지 않는 성장  23년 영업이익 1,582억원(YoY 109%) 전망   24년, ESL 성장 지속 & 파워모듈 적용처 확대 본격화",
        "label": "BUY"
    },
    {
        "id": "2023/11/22_319660_c6a5",
        "document": "피에스케이-시황은 여전히 불투명하지만, 내년 신장비 모멘텀 기대  상반기 이연된 매출 인식 영향, 하반기 개선된 실적 흐름   고객 설비투자 전망은 여전히 불투명하나, 내년 신장비 모멘텀 기대   긴 호흡에서 접근, 투자의견 ‘매수’ 및 목표주가 24,000원 유지",
        "label": "BUY"
    }
]