[
    {
        "id": "2023/11/28_030520_debc",
        "document": "한글과컴퓨터-독보적인 스마트문서작성엔진 기반 AI기업으로 진화  글로벌 빅테크로 성장하기 위해 AI사업 본격화  3년간 배당 등 주주환원 정책 강화  4분기 매출액, 영업이익 YoY +18.1%, +121.7% 증가 전망",
        "label": "BUY"
    },
    {
        "id": "2023/11/28_025540_2dc6",
        "document": "한국단자-글로벌 전기차 시장 성장과 동행  글로벌 전기차 시장 성장: 해외지역 이익 증가와 연동  중장기적인 관점에서 긍정적인 실적 전망",
        "label": "BUY"
    },
    {
        "id": "2023/11/28_014790_da5b",
        "document": "HL D&I-상대적으로 견조한 실적  목표주가 3,000원으로 하향. 연간 실적 추정치 변경 반영   3Q23 영업이익 107억원(YoY +흑자전환), 원가율 개선 시작   ‘23년 연간 영업이익 425억원(YoY -19.2%), 분기 기준 점진적 실적 회복",
        "label": "BUY"
    },
    {
        "id": "2023/11/28_017960_b77f",
        "document": "한국카본-Mark-III 타입 수요 증가로 인한 수혜  LNG선 보냉재 독과점 납품 기업  MarkIII 타입 증가로 인한 수주 증가 기대  LNG선 발주 증가로 중장기 수혜 예상",
        "label": "BUY"
    },
    {
        "id": "2023/11/28_005440_f0db",
        "document": "현대지에프홀딩스-히든밸류(부동산)+주주환원  우량한 자회사를 통한 지속성장 문제없다  투자의견 BUY와 목표주가 7,000원 제시",
        "label": "BUY"
    },
    {
        "id": "2023/11/28_016360_d05c",
        "document": "삼성증권-FY23 3Q 견조한 이익 시현, 업종내 Top picks 유지  FY23 3Q 당기순이익(연결) 1,510억원, QoQ 0.3%↓, YoY 22.3%↑  투자의견 매수, 목표주가 50,000원으로 상향",
        "label": "BUY"
    },
    {
        "id": "2023/11/28_010950_fb3f",
        "document": "S-Oil-친환경 사업도 아람코와 함께  비전 2030 달성을 위한 그린 이니셔티브  아람코와 함께 저탄소 에너지 사업 확대  본업의 경쟁력 강화와 친환경 사업 확대로 지속가능한 성장 추구",
        "label": "BUY"
    },
    {
        "id": "2023/11/28_012450_9fa0",
        "document": "한화에어로스페이스-거를 타선이 없다  4분기는 더 좋다, 우상향 기조 지속 전망  폴란드 2차 협상, 천무까지 논의 확대될 것  투자의견 매수 유지, 목표주가는 상향 조정",
        "label": "BUY"
    },
    {
        "id": "2023/11/28_007810_07a6",
        "document": "코리아써키트-조용한 회복  3Q23 QoQ 적자 폭은 감소하였으나 실적부진 지속   2024년 북미 고객사향 신규 매출 모멘텀 발생   투자의견 BUY 유지, 목표주가 18,000원 유지",
        "label": "BUY"
    },
    {
        "id": "2023/11/28_010620_8ac5",
        "document": "현대미포조선-회복 사이클에 유일한 중소형 조선소  점점 사라지는 중형조선소_ 대선조선도 워크아웃  압도적인 LPG선 건조 척수",
        "label": "BUY"
    },
    {
        "id": "2023/11/28_006400_1f3a",
        "document": "삼성SDI-실적 대비 너무 싼 주가  투자의견 Buy, 목표주가 800,000원 유지   EV용 중대형전지 실적 호조 부각, 역대 최고 수익성 기록   최근 4개월간 주가 35% 하락, 밸류에이션 역사적 저점 지속 경신",
        "label": "BUY"
    },
    {
        "id": "2023/11/28_006400_e0c8",
        "document": "삼성SDI-2024년 상대적 안정성 부각  2024년에도 안정적인 성장 기대  2024년 P6, 46파이 양산 시작 + 수주 모멘텀 기대  동사에 대한 투자의견 및 목표주가 유지",
        "label": "BUY"
    },
    {
        "id": "2023/11/28_009150_3b02",
        "document": "삼성전기-전장에서 승리하자  투자의견 ‘매수’ 및 목표주가 190,000원으로 신규 커버리지 개시  4Q23 Preview  투자포인트",
        "label": "BUY"
    },
    {
        "id": "2023/11/28_003570_e2ff",
        "document": "SNT다이내믹스-전차 및 자주포의 심장, 품절주 매력까지  방산 비중 증가하며 수익성 및 성장성 도드라져  전차 파워팩 국산화 진지하게 고민해봐야 할 시점",
        "label": "BUY"
    },
    {
        "id": "2023/11/28_001820_e851",
        "document": "삼화콘덴서-전장에 콘덴서 장착  4Q23 매출액 735억 원(+8.7% YoY), 영업이익 55억 원(+17.3 YoY, OPM 7.5%)으로 추정  주요 투자포인트는 1) 고부가가치 전장용 MLCC 매출의 지속적인 증가, 2) DC-Link의 탑재 모델 확대와 흑자 턴어라운드 기대",
        "label": "BUY"
    },
    {
        "id": "2023/11/28_004000_e359",
        "document": "롯데정밀화학-고령화 시대 수혜주  헤셀로스/식의약 라인, 50% 이상 생산능력 확대 추진   세계 3위 암모니아 유통 업체",
        "label": "BUY"
    },
    {
        "id": "2023/11/28_004000_be24",
        "document": "롯데정밀화학-섹터 내 가장 부담없는 종목  2024년 헤셀로스 Capa +50%, 그린소재 영업이익 비중 증가  투자의견 Buy, 목표주가 80,000원 유지",
        "label": "BUY"
    },
    {
        "id": "2023/11/28_000990_c737",
        "document": "DB하이텍-수요 회복을 기다리며  3분기 실적은 매출 2,678억원, 영업이익 503억원으로 각각 전년비 40%, 65% 감소  2023년 연간 실적은 매출 1.15조원, 영업이익 2,791억원으로 전년대비 감소 전망",
        "label": "BUY"
    },
    {
        "id": "2023/11/28_006800_8210",
        "document": "미래에셋증권-2024년 쉽지 않는 금융시장 환경 속, 자본력은 힘이 될 것  FY23 3Q 당기순이익(연결) 769억원, QoQ 45.4%↓, YoY 26.3%↓  투자의견 매수, 목표주가 9,000원 유지",
        "label": "BUY"
    },
    {
        "id": "2023/11/28_005940_5072",
        "document": "NH투자증권-FY23 3Q 1,007억원으로 견조한 실적 시현, 목표주가 상향  2023년 3분기 당기순이익 1,007억원, QoQ 44.9%↓, YoY 746.2%↑  투자의견 매수 상향, 목표주가 13,000원으로 상향 조정",
        "label": "BUY"
    },
    {
        "id": "2023/11/28_005930_f4b6",
        "document": "삼성전자-많은 것을 증명해야 하는 2024년  2023년 삼성전자의 DS 부문 실적은 실망과 충격 그 자체  첫째, 여전히 더디게 진행 중인 과도한 재고를 해결해야 하며, 둘째, 논란이 컸던 DDR5와 HBM의 경쟁력을 증명해야 함",
        "label": "BUY"
    },
    {
        "id": "2023/11/28_005380_fd6f",
        "document": "HyundaiMtr-Sector-wide risk presents an opportunity  2024 sales volume likely to rise 3% YoY  Short-term EV sales target may be adjusted  Risk for sector, but opportunity for solid companies",
        "label": "BUY"
    },
    {
        "id": "2023/11/28_005380_1004",
        "document": "현대차-당신의 쉼표는 나에겐 느낌표  2024년, 판매대수 yoy +3% 증가 전망  전기차(EV) 판매, 단기 목표 수정될 수 있어  산업에게는 위기일 수 있으나 기업에게는 기회일 수 있어",
        "label": "BUY"
    },
    {
        "id": "2023/11/28_009830_8aa6",
        "document": "한화솔루션-이젠 실적으로 보여줄 차례  2024년, 미국 시장에 대한 선제적 투자의 결실을 맺는 시기  투자의견 Buy, 목표주가 41,000원 유지",
        "label": "BUY"
    },
    {
        "id": "2023/11/28_000270_90bd",
        "document": "KIA CORP.-To attract ‘early majority’ with new EVs  Sales volume in 2024 to grow 3% YoY  EV sales in 2023 likely to miss target  To release EVs that can attract early majority",
        "label": "BUY"
    },
    {
        "id": "2023/11/28_000270_e005",
        "document": "기아-바뀌는 고객군을 위한 EV가 온다  2024년, 판매대수 yoy +3% 증가 전망  2023년 전기차(EV) 판매, 목표치에는 미치지 못할 듯  Early Majority에게 어필할 수 있는 EV 출시 예정",
        "label": "BUY"
    },
    {
        "id": "2023/11/28_001040_3eed",
        "document": "CJ-투자 심리가 추가적으로 악화되기는 어려울 것  시장의 관심은 공정위의 CJ올리브영에 대한 과징금 부과 여부와 규모  과징금이 부과된다고 하더라도 CJ의 배당 지급액에 미치는 영향은 미미할 것  BUY 투자의견과 목표주가 123,000원 유지",
        "label": "BUY"
    },
    {
        "id": "2023/11/28_005300_8b91",
        "document": "롯데칠성-모멘텀 부자  2024년 롯데칠성 매출액 4조 1,286억원(+26.7%yoy), 영업이익 2,915억원(+25%yoy, OPM 7.1%) 전망  투자의견 BUY, 목표주가 200,000원 유지  2024년 롯데칠성 1) 필리핀 법인 연결실적 편입 2) 주류 가동률 개선에 의한 고정비 레버리지 효과 가시화 전망",
        "label": "BUY"
    },
    {
        "id": "2023/11/28_002790_e9ed",
        "document": "아모레G-AP 개선 주효  아모레퍼시픽 실적 개선 효과 기대  실적도 주가도 아모레퍼시픽과 동행 관계 강화",
        "label": "BUY"
    }
]