[
    {
        "id": "2023/11/27_012450_ca81",
        "document": "한화에어로스페이스-한국의 록히드마틴을 꿈꾸다  동사의 투자포인트는 1)K-9 자주포 수출 모멘텀, 2)호주 레드백, 루마니아 천무, 사우디 비호복합 등 수주 가능성, 3)2025년 영국 육군 기동화력체계 사업 참여에 따른 K9A2 수주 기대감  3Q23 동사의 실적은 1조 9,815억원(+4% qoq, +31% yoy), 영업이익은 1,043억원(+28% qoq, +65% yoy)를 기록하였음  동사에 대해 투자의견 매수, 목표주가 15만원 제시, 목표주가는 2024년 BPS 89,223원에 역사적 상단 P/B 평균 1.7x를 적용하여 산정",
        "label": "BUY"
    },
    {
        "id": "2023/11/27_004020_84d2",
        "document": "현대제철-달릴 준비 완료: 가벼워지고 빨라지는 중  투자의견 Buy, 목표주가 52,000원으로 상향  가장 큰 디스카운트 요인이었던 부채 축소 중  ‘24년 9월 시작되는 전기로를 통해 탄소 중립에 가장 빠르게 대응",
        "label": "BUY"
    },
    {
        "id": "2023/11/27_004170_c09a",
        "document": "신세계-2024E: 확실한 장애물은 치워졌다  백화점 고정비 부담 기반영 및 강남 타운 효과 기대  2024E 매출액 6.63조원(+2.6%, 이하 yoy), 영업이익 6,833억원 (+10.7%) 예상",
        "label": "BUY"
    },
    {
        "id": "2023/11/27_010620_e7c1",
        "document": "현대미포조선-공정차질의 실적 부진, 그러나 LCO2와 MAC라는 미래도 등장  적정 PCER 10배(2023년 고점 12배)를 적용해 적정주가를 110,000원으로 도출  2024년 수주 예상: 45억달러(23년 36억달러F)로 성장 전망  투자포인트1:2023년에 처음으로 수주한 LCO2(액화CO2운반선)의 개화기가 2035년까지 진행",
        "label": "BUY"
    },
    {
        "id": "2023/11/27_005960_715e",
        "document": "동부건설-풍부한 수주잔고로 중장기 성장기반 마련  수주효과로 매출 급증했지만 여전히 원가부담으로 이익은 부진   연매출의 6배에 달하는 수주잔고 보유→ 성장잠재력 크게 상승   수익성을 좌우할 자체사업에 주목. 매수 및 목표주가 8,200원 제시",
        "label": "BUY"
    },
    {
        "id": "2023/11/27_005960_db16",
        "document": "동부건설-높은 공공 비중으로 안정성 기대  커버리지 개시  적정주가 7,200원 투자의견 Buy로 커버리지 개시",
        "label": "BUY"
    },
    {
        "id": "2023/11/27_003070_2a9b",
        "document": "코오롱글로벌-비주택 비중 증가로 다각화 모색  커버리지 개시  적정주가 15,000원, 투자의견 Buy로 커버리지 개시",
        "label": "BUY"
    },
    {
        "id": "2023/11/27_004370_5500",
        "document": "농심-미국 회복 여부에 주목  2024E 매출액 +5%, 영업이익 +2%(OPM 7%) 전망  Investment Point: 견고한 이익 체력 & 미국 성장세 회복  투자의견 Buy, 목표주가 600,000원 유지",
        "label": "BUY"
    },
    {
        "id": "2023/11/27_001630_8d32",
        "document": "종근당홀딩스-든든한 자회사를 가진 지주사  2023년 영업이익 흑자전환 가능할 전망  프리미엄 비타민 매출 증가",
        "label": "TRADING BUY"
    },
    {
        "id": "2023/11/27_001630_f1c3",
        "document": "CHONGKUNDANG HOLDINGS-Solid lineup of subsidiaries  Likely to swing to operating profit in 2023  Sales of premium vitamin products rising",
        "label": "TRADING BUY"
    },
    {
        "id": "2023/11/27_002990_9ca1",
        "document": "금호건설-3Q23 Reivew: 수익성 개선 필요  3Q23 Reivew  당사 추정치와 컨센서스에 못 미치는 부진한 실적",
        "label": "HOLD"
    },
    {
        "id": "2023/11/27_000880_f2a0",
        "document": "Hanwha-Restructuring to end; focus on own business  Initiate at BUY and target price of W31,000  In 2024, focus on global and construction among in-house businesses",
        "label": "BUY"
    },
    {
        "id": "2023/11/27_000880_fe55",
        "document": "한화-사업구조 개편 마무리, 자체사업에 주목  투자의견 BUY, 목표주가 31,000원으로 커버리지 개시  2024년 자체사업 내 글로벌과 건설부문에 주목",
        "label": "BUY"
    },
    {
        "id": "2023/11/27_000210_b1ba",
        "document": "DL-4Q 이후 실적 반등을 고려할 필요가 있다  고부가 제품 비중 확대로 인한 내년 실적 반등 예상   Kraton, 부타디엔 역래깅 효과 제거 전망",
        "label": "BUY"
    },
    {
        "id": "2023/11/27_003230_924d",
        "document": "삼양식품-음식료의 성장주  2024E 매출액 +16%, 영업이익 +17%(OPM 13%) 전망  Investment Point: 해외 성장 지속 & GPM 개선 & CAPA 증설  투자의견 Buy 유지, 목표주가 270,000원으로 상향",
        "label": "BUY"
    },
    {
        "id": "2023/11/27_005930_b52d",
        "document": "삼성전자-돋보이는 밸류에이션 매력  DRAM 업황 방향성 감안하면 아쉬운 주가 움직임  든든한 현금을 기반으로 인프라 및 차세대 투자 진행  비메모리 사업은 히든 카드",
        "label": "BUY"
    },
    {
        "id": "2023/11/27_005930_2e74",
        "document": "삼성전자-당분간 주가 상승은 기대하기 어려우나 상대적 안정성은 높을 듯  4Q23 매출과 영업이익을 QoQ 5%, 63% 증가하는 71.0조원과 4.0조원으로 전망  DRAM, NAND 부문의 출하량 증가와 ASP 상승에 따라 4Q23 반도체 부문 영업적자가 전분기의 3.8조원에서 1.7조원으로 축소되고 DRAM 부문은 흑자 전환될 듯  4Q23 중에 예상되는 경기선행지수들의 하락 전환, 반도체 업체들의 1H24 감산 원복 가능성을 감안 시 동사 주가의 이번 상승 싸이클은 1년에 그칠 가능성이 높은 것으로 판단됨",
        "label": "BUY"
    },
    {
        "id": "2023/11/27_000270_2142",
        "document": "기아-24년 EV 라인업 확장, PBV 공장 가시화  4분기도 견조한 실적 기대  24년 EV3, EV4 등 시의적절한 전기차 모델 라인업 확장",
        "label": "BUY"
    },
    {
        "id": "2023/11/27_000270_30fa",
        "document": "KIA CORP.-ADAS twice as good for profit as product-mix improvement is  Global ASP rising despite model aging, US incentive hikes  Cash growing by KRW1t a month, raising expectations of additional shareholder payouts",
        "label": "BUY"
    },
    {
        "id": "2023/11/27_000270_535f",
        "document": "기아-ADAS로 인한 가격 인상 효과는 믹스 향상 효과의 2배  모델 노후화, 미국 인센티브 증가에도 글로벌 ASP 상승  매월 1조원씩 쌓이는 현금, 추가 주주환원 정책 기대",
        "label": "BUY"
    },
    {
        "id": "2023/11/27_001040_8113",
        "document": "CJ-올리브영 IPO는 사실상 철회  그룹 전반적인 체질 개선 시작의 모습  올리브영 실적 호조 지속 / 푸드빌에서도 Good News  CJ , 7년간의 주가 부진에서 벗어날 수 있는 기회",
        "label": "BUY"
    },
    {
        "id": "2023/11/27_001040_172f",
        "document": "CJ-Relentless growth  Initiate coverage at BUY and target price of W130,000  CJ Oliveyoung: no limit to growth  Earnings to recover in 2024",
        "label": "BUY"
    },
    {
        "id": "2023/11/27_001040_a878",
        "document": "CJ-꺾이지 않는 성장  투자의견 BUY, 목표주가 130,000원으로 커버리지 개시  CJ올리브영: 성장의 한계가 없다  2024년 실적 회복 전망",
        "label": "BUY"
    },
    {
        "id": "2023/11/27_000080_7e69",
        "document": "하이트진로-완연한 턴어라운드  2024E 매출액 +6%, 영업이익 +51%(OPM 7%) 전망  Investment Point: 수익성 회복 & 영업이익 턴어라운드  투자의견 Buy, 목표주가 28,000원 유지",
        "label": "BUY"
    },
    {
        "id": "2023/11/27_003090_415a",
        "document": "대웅-대웅바이오를 봐요  자회사 대웅제약과 대웅바이오 호실적 지속 중  콜린알포 급여 축소 우려에도 견조한 매출 달성 기대  건기식 신사업 및 바이오 의약품 CDMO 진출하는 대웅바이오 사업 가치 주목",
        "label": "BUY"
    },
    {
        "id": "2023/11/27_005300_9d94",
        "document": "롯데칠성-KRUSH 3연타 가보자고  2024E 매출액 +28%, 영업이익 +31%(OPM 7%) 전망  Investment Point: 클라우드 크러시 출시 & 펩시필리핀 편입  투자의견 Buy 유지, 목표주가 220,000원으로 상향",
        "label": "BUY"
    },
    {
        "id": "2023/11/27_003550_7000",
        "document": "LG-전향적인 주주환원 정책 기대  가족 간 소송 분쟁 과정에서 실체스터 3대 주주 등극  적극적인 주주 환원 정책 기대  그룹의 시가총액 전체가 크게 저평가 받는 중",
        "label": "BUY"
    },
    {
        "id": "2023/11/27_003550_fb43",
        "document": "LG Corp.-Soon to be re-rated  Initiate coverage at BUY and target price of W120,000  Consolidated sales and OP to post double-digit growth in 2024  Solid grounds for re-rating",
        "label": "BUY"
    },
    {
        "id": "2023/11/27_003550_29ef",
        "document": "LG-재평가의 시간이 오고 있다  투자의견 BUY, 목표주가 120,000원으로 커버리지 개시  2024년 연결 매출액 및 영업이익 두 자릿수 성장 전망  확실한 리레이팅 요소 보유",
        "label": "BUY"
    },
    {
        "id": "2023/11/27_001530_11c2",
        "document": "DI동일-주주 친화적으로 전환한 배터리 소재업체  자사주 소각 발표  대규모 알루미늄박 증설 투자 진행",
        "label": "BUY"
    }
]