[
    {
        "id": "2023/11/23_025540_c67e",
        "document": "한국단자-차량의 전자제품화와 글로벌 진출  한국단자는 차량용 커넥터 업체로 현대차그룹향 매출비중 70%  전기차, 하이브리드 수요 증가 및 전장부품 수요증가와 단가상승으로 담보된 매출 성장, 원자재 가격하향 안정화로 수익성 회복 중  중국, 멕시코, 유럽 진출로 매출처 다변화 추진",
        "label": "NOT RATED"
    },
    {
        "id": "2023/11/23_003220_96a7",
        "document": "대원제약-기업인수로 외형 확장 진행 중  호흡기중심 제약사에서 사업다각화 진행 중  코로나 종식으로 변동성 축소, 제약 본업은 성장 예상  의약품사업 영업식적은 회복, 신규 인수 자회사 영업정상화는 과제",
        "label": "BUY"
    },
    {
        "id": "2023/11/23_010690_e0d6",
        "document": "화신-신공장 가동 모멘텀  신공장 가동 모멘텀  2024년 실적 전망  주가는 저평가 구간",
        "label": "BUY"
    },
    {
        "id": "2023/11/23_011170_a6e1",
        "document": "롯데케미칼-상반기 화학 시황 반등 수혜 가능  24년 상반기 화학 시황 반등 수혜  12MF PBR 0.42배로 역사적 밴드 저점 구간  미국 UAW 파업으로 일시적인 ABS, PC 등 첨단소재 고기능 EP 부문 매출 하락",
        "label": "TRADING BUY"
    },
    {
        "id": "2023/11/23_009420_3b88",
        "document": "한올바이오파마-제 2의 바토클리맙 등장  바토클리맙(중증근무력증) 중국에서 2024년 판매 허가 기대 by 하버바이오메드(중국 파트너사)  미국/유럽 파트너사 이뮤노반트는 FcRn 저해제인 바토클리맙에 대한 임상 3상 재개  IMVT-1402의 임상 결과가 우수했던 것은 사실이나 임상 2, 3상을 거쳐야 함",
        "label": "BUY"
    },
    {
        "id": "2023/11/23_012330_53f4",
        "document": "현대모비스-북미 전동화 수혜 본격화  북미 전동화 공장 가동  IRA 보조금 혜택  2024년 실적 전망",
        "label": "BUY"
    },
    {
        "id": "2023/11/23_015760_fdfc",
        "document": "한국전력-약해지는 규제와 쌓여가는 자본  본격적인 이익 개선과 높아지는 관심  요금 인하에 대한 우려는 잠시 접어두고",
        "label": "BUY"
    },
    {
        "id": "2023/11/23_015760_c963",
        "document": "한국전력-이래봬도 유틸리티 대장주야  무조건 살려야만 한다  2023년 손실 폭 잡고, 2024년부터 흑자전환 기대  투자의견 매수, 목표주가 27,000원 유지",
        "label": "BUY"
    },
    {
        "id": "2023/11/23_005850_91b1",
        "document": "에스엘-수주 안정성과 실적  역대급 수주 실적  고가 라인업 확대 수혜  2024년 실적 전망",
        "label": "BUY"
    },
    {
        "id": "2023/11/23_011780_ea0f",
        "document": "금호석유-기업의 튼튼한 체력이 부각되는 시점  튼튼한 재무구조(순현금 비율 4.8%)  팬더믹 이후 안정적으로 흑자 유지하며 기업의 높은 체력 입증  합성고무의 전방산업 수요 약세가 지속되며 제품 스프레드 개선은 어려울 전망",
        "label": "TRADING BUY"
    },
    {
        "id": "2023/11/23_010950_9494",
        "document": "S-Oil-실적 안정화 전망  전쟁 영향 점차 사라지며 실적 안정화 예상  12MF PBR 0.81배. 역사적 저평가 구간  화학 시황의 개선 속도 둔화",
        "label": "BUY"
    },
    {
        "id": "2023/11/23_010060_08de",
        "document": "OCI홀딩스-튼튼한 기업 펀더멘탈에 실적 개선 추가요!  비중국 폴리실리콘 물량 확대로 평균 단가 개선  말레이시아 낮은 전력 가격으로 저렴한 비용  태양광 산업 반등의 지연",
        "label": "BUY"
    },
    {
        "id": "2023/11/23_000720_37ea",
        "document": "현대건설-업종 반등 포인트를 두루 갖췄다  괄목할만한 해외 수주  2024년, 이익 개선 흐름은 지속될 전망  2024년, 건설업종 최선호주 의견 제시",
        "label": "BUY"
    },
    {
        "id": "2023/11/23_006360_b25d",
        "document": "GS건설-악재를 딛고 점진적 개선 전망  주택 둔화 우려에 더해진 인천 사고 여파  2024년, 신사업 변화는 지속  투자의견 매수, 목표주가 23,000원으로 신규 커버리지 개시",
        "label": "BUY"
    },
    {
        "id": "2023/11/23_006400_8fa7",
        "document": "삼성SDI-잘 아시다시피 안정적입니다  중대형 및 원통 전지의 성장으로 기업 체질 변화 중  전기차 시장의 핵심 트렌드의 수혜, 1)EV용 원통형 도입 확대  2) 해외 현지 거점 중심의 공급망 전략으로 주요 고객사 확보 완료",
        "label": "BUY"
    },
    {
        "id": "2023/11/23_009150_9ecb",
        "document": "삼성전기-중국 스마트폰과 On-Device AI 수혜  Android 개선 최대 수혜, 중장기 On-Device AI 수혜 가능  업황 개선에도 재고는 여전히 낮은 수준",
        "label": "BUY"
    },
    {
        "id": "2023/11/23_004370_ada8",
        "document": "농심-믿고 먹는 농심  인내심을 가지고 지켜보면  현지화 전략은 새로운 성장 동력이 될까  미국 3공장을 증설을 기다리며",
        "label": "BUY"
    },
    {
        "id": "2023/11/23_000990_64da",
        "document": "DB하이텍-견조한 수익성 유지  24년 매출액 +14.2%, 영업이익 +47.4% YoY",
        "label": "HOLD"
    },
    {
        "id": "2023/11/23_005930_1e6d",
        "document": "삼성전자-24년 기지개를 켤 때  개선되는 업황과 맞물리는 HBM 출하 본격화  돌아올 수요 기다리기",
        "label": "BUY"
    },
    {
        "id": "2023/11/23_003410_93db",
        "document": "쌍용C&E-환경 비즈니스 강화  시멘트 업계 선두 업체  환경 사업 강화, 추가적인 시멘트 판가 인상 논리는 약화  투자의견 Trading Buy, 목표주가 6,600원으로 신규 커버리지 개시",
        "label": "TRADING BUY"
    },
    {
        "id": "2023/11/23_005380_79a6",
        "document": "현대차-NDR 후기: 편안한 한치 앞  4Q23 실적 변수(물량/환율/Mix 등) 고려 시, 호실성 가능성 높은 상황  1) 4Q23 실적, 2) 배당, 3) 싼타페 모멘텀 감안 시, 관심 지속할 필요  1) 2Q24 이익 체력, 2) BEV 점유율, 3) HDP(자율주행) 모멘텀 주목",
        "label": "BUY"
    },
    {
        "id": "2023/11/23_005380_3c85",
        "document": "현대차-실적 지속성과 증설 모멘텀  과도한 실적 우려  ASP 상승 추세 지속  2024년 실적 전망",
        "label": "BUY"
    },
    {
        "id": "2023/11/23_009830_2186",
        "document": "한화솔루션-그래도 걸어보는 미국 수직계열화에 대한 기대  24년 하반기 미국 최초 단결정 폴리실리콘 태양전지 수직계열화 공장(3.3GW) 준공  비중국 프리미엄 재확대  24년 미국 대선 영향으로 IRA 세액공제 축소 가능성",
        "label": "BUY"
    },
    {
        "id": "2023/11/23_000270_6291",
        "document": "기아-Valuation & Budget EV  과도한 실적 우려  낮은 Valuation  2024년 실적 전망",
        "label": "BUY"
    },
    {
        "id": "2023/11/23_000080_3d69",
        "document": "하이트진로-뿌린 씨를 거둘 때  마케팅 비용 부담 해소될 2024년  드디어 진행된 가격 인상  본격적인 해외 진출 시작",
        "label": "BUY"
    },
    {
        "id": "2023/11/23_005300_5902",
        "document": "롯데칠성-맥주까지 잘 하면 진짜 인정  이제 필리핀으로 간다  수익성 개선? 해봤는데 잘 해요  제로 탄산음료 다음 소주, 소주 다음 맥주",
        "label": "BUY"
    },
    {
        "id": "2023/11/23_000640_15eb",
        "document": "동아쏘시오홀딩스-비상장사 폼 미쳤다  다채로운 사업 분야를 확보한 국내 전통 제약지주사  2024년 비상장사 계열사에서의 이벤트 주목  목표주가 13만원으로 커버리지 개시",
        "label": "BUY"
    }
]